[2014-08-29 14:15:29] core.ERROR: exception 'Doctrine\ORM\Query\QueryException' with message 'SELECT articles, images FROM Shopware\Models\Article\Article articles LEFT JOIN articles.images images WHERE articles.id = :articleId AND images.title = $articleName' in /kunden/399154_22085/webseiten/shop/vendor/doctrine/orm/lib/Doctrine/ORM/Query/QueryException.php:41
Stack trace:
#0 /kunden/399154_22085/webseiten/shop/vendor/doctrine/orm/lib/Doctrine/ORM/Query/Parser.php(448): Doctrine\ORM\Query\QueryException::dqlError('SELECT articles...')
#1 /kunden/399154_22085/webseiten/shop/vendor/doctrine/orm/lib/Doctrine/ORM/Query/Parser.php(2586): Doctrine\ORM\Query\Parser->syntaxError('Literal')
#2 /kunden/399154_22085/webseiten/shop/vendor/doctrine/orm/lib/Doctrine/ORM/Query/Parser.php(2774): Doctrine\ORM\Query\Parser->Literal()
#3 /kunden/399154_22085/webseiten/shop/vendor/doctrine/orm/lib/Doctrine/ORM/Query/Parser.php(2708): Doctrine\ORM\Query\Parser->ArithmeticPrimary()
#4 /kunden/399154_22085/webseiten/shop/vendor/doctrine/orm/lib/Doctrine/ORM/Query/Parser.php(2676): Doctrine\ORM\Query\Parser->ArithmeticFactor()
#5 /kunden/399154_22085/webseiten/shop/vendor/doctrine/orm/lib/Doctrine/ORM/Query/Parser.php(2650): Doctrine\ORM\Query\Parser->ArithmeticTerm()
#6 /kunden/399154_22085/webseiten/shop/vendor/doctrine/orm/lib/Doctrine/ORM/Query/Parser.php(2637): Doctrine\ORM\Query\Parser->SimpleArithmeticExpression()
#7 /kunden/399154_22085/webseiten/shop/vendor/doctrine/orm/lib/Doctrine/ORM/Query/Parser.php(2977): Doctrine\ORM\Query\Parser->ArithmeticExpression()
#8 /kunden/399154_22085/webseiten/shop/vendor/doctrine/orm/lib/Doctrine/ORM/Query/Parser.php(2501): Doctrine\ORM\Query\Parser->ComparisonExpression()
#9 /kunden/399154_22085/webseiten/shop/vendor/doctrine/orm/lib/Doctrine/ORM/Query/Parser.php(2384): Doctrine\ORM\Query\Parser->SimpleConditionalExpression()
#10 /kunden/399154_22085/webseiten/shop/vendor/doctrine/orm/lib/Doctrine/ORM/Query/Parser.php(2360): Doctrine\ORM\Query\Parser->ConditionalPrimary()
#11 /kunden/399154_22085/webseiten/shop/vendor/doctrine/orm/lib/Doctrine/ORM/Query/Parser.php(2333): Doctrine\ORM\Query\Parser->ConditionalFactor()
#12 /kunden/399154_22085/webseiten/shop/vendor/doctrine/orm/lib/Doctrine/ORM/Query/Parser.php(2303): Doctrine\ORM\Query\Parser->ConditionalTerm()
#13 /kunden/399154_22085/webseiten/shop/vendor/doctrine/orm/lib/Doctrine/ORM/Query/Parser.php(1327): Doctrine\ORM\Query\Parser->ConditionalExpression()
#14 /kunden/399154_22085/webseiten/shop/vendor/doctrine/orm/lib/Doctrine/ORM/Query/Parser.php(876): Doctrine\ORM\Query\Parser->WhereClause()
#15 /kunden/399154_22085/webseiten/shop/vendor/doctrine/orm/lib/Doctrine/ORM/Query/Parser.php(843): Doctrine\ORM\Query\Parser->SelectStatement()
#16 /kunden/399154_22085/webseiten/shop/vendor/doctrine/orm/lib/Doctrine/ORM/Query/Parser.php(268): Doctrine\ORM\Query\Parser->QueryLanguage()
#17 /kunden/399154_22085/webseiten/shop/vendor/doctrine/orm/lib/Doctrine/ORM/Query/Parser.php(351): Doctrine\ORM\Query\Parser->getAST()
#18 /kunden/399154_22085/webseiten/shop/vendor/doctrine/orm/lib/Doctrine/ORM/Query.php(255): Doctrine\ORM\Query\Parser->parse()
#19 /kunden/399154_22085/webseiten/shop/vendor/doctrine/orm/lib/Doctrine/ORM/Query.php(267): Doctrine\ORM\Query->_parse()
#20 /kunden/399154_22085/webseiten/shop/vendor/doctrine/orm/lib/Doctrine/ORM/AbstractQuery.php(794): Doctrine\ORM\Query->_doExecute()
#21 /kunden/399154_22085/webseiten/shop/vendor/doctrine/orm/lib/Doctrine/ORM/AbstractQuery.php(586): Doctrine\ORM\AbstractQuery->execute(NULL, 2)
#22 /kunden/399154_22085/webseiten/shop/engine/Shopware/Plugins/Local/Frontend/SwagVariantsInListing/Bootstrap.php(322): Doctrine\ORM\AbstractQuery->getArrayResult()
#23 /kunden/399154_22085/webseiten/shop/engine/Shopware/Plugins/Local/Frontend/SwagVariantsInListing/Bootstrap.php(151): Shopware_Plugins_Frontend_SwagVariantsInListing_Bootstrap->getZubehoerPic('106', 'Woll-Pullover')
#24 /kunden/399154_22085/webseiten/shop/engine/Library/Enlight/Event/Handler/Plugin.php(149): Shopware_Plugins_Frontend_SwagVariantsInListing_Bootstrap->onPostDispatchDetail(Object(Enlight_Controller_ActionEventArgs))
#25 /kunden/399154_22085/webseiten/shop/engine/Library/Enlight/Event/EventManager.php(211): Enlight_Event_Handler_Plugin->execute(Object(Enlight_Controller_ActionEventArgs))
#26 /kunden/399154_22085/webseiten/shop/engine/Library/Enlight/Controller/Action.php(192): Enlight_Event_EventManager->notify('Enlight_Control...', Object(Enlight_Controller_ActionEventArgs))
#27 /kunden/399154_22085/webseiten/shop/engine/Library/Enlight/Controller/Dispatcher/Default.php(528): Enlight_Controller_Action->dispatch('indexAction')
#28 /kunden/399154_22085/webseiten/shop/engine/Library/Enlight/Controller/Front.php(228): Enlight_Controller_Dispatcher_Default->dispatch(Object(Enlight_Controller_Request_RequestHttp), Object(Enlight_Controller_Response_ResponseHttp))
#29 /kunden/399154_22085/webseiten/shop/engine/Shopware/Kernel.php(141): Enlight_Controller_Front->dispatch()
#30 /kunden/399154_22085/webseiten/shop/vendor/symfony/http-kernel/Symfony/Component/HttpKernel/HttpCache/HttpCache.php(472): Shopware\Kernel->handle(Object(Symfony\Component\HttpFoundation\Request), 1, true)
#31 /kunden/399154_22085/webseiten/shop/engine/Shopware/Components/HttpCache/AppCache.php(256): Symfony\Component\HttpKernel\HttpCache\HttpCache->forward(Object(Symfony\Component\HttpFoundation\Request), true, NULL)
#32 /kunden/399154_22085/webseiten/shop/vendor/symfony/http-kernel/Symfony/Component/HttpKernel/HttpCache/HttpCache.php(429): Shopware\Components\HttpCache\AppCache->forward(Object(Symfony\Component\HttpFoundation\Request), true)
#33 /kunden/399154_22085/webseiten/shop/vendor/symfony/http-kernel/Symfony/Component/HttpKernel/HttpCache/HttpCache.php(329): Symfony\Component\HttpKernel\HttpCache\HttpCache->fetch(Object(Symfony\Component\HttpFoundation\Request), true)
#34 /kunden/399154_22085/webseiten/shop/engine/Shopware/Components/HttpCache/AppCache.php(178): Symfony\Component\HttpKernel\HttpCache\HttpCache->lookup(Object(Symfony\Component\HttpFoundation\Request), true)
#35 /kunden/399154_22085/webseiten/shop/vendor/symfony/http-kernel/Symfony/Component/HttpKernel/HttpCache/HttpCache.php(193): Shopware\Components\HttpCache\AppCache->lookup(Object(Symfony\Component\HttpFoundation\Request), true)
#36 /kunden/399154_22085/webseiten/shop/engine/Shopware/Components/HttpCache/AppCache.php(113): Symfony\Component\HttpKernel\HttpCache\HttpCache->handle(Object(Symfony\Component\HttpFoundation\Request), 1, true)
#37 /kunden/399154_22085/webseiten/shop/shopware.php(109): Shopware\Components\HttpCache\AppCache->handle(Object(Symfony\Component\HttpFoundation\Request))
#38 {main}

Next exception 'Doctrine\ORM\Query\QueryException' with message '[Syntax Error] line 0, col 153: Error: Expected Literal, got '$'' in /kunden/399154_22085/webseiten/shop/vendor/doctrine/orm/lib/Doctrine/ORM/Query/QueryException.php:52
Stack trace:
#0 /kunden/399154_22085/webseiten/shop/vendor/doctrine/orm/lib/Doctrine/ORM/Query/Parser.php(448): Doctrine\ORM\Query\QueryException::syntaxError('line 0, col 153...', Object(Doctrine\ORM\Query\QueryException))
#1 /kunden/399154_22085/webseiten/shop/vendor/doctrine/orm/lib/Doctrine/ORM/Query/Parser.php(2586): Doctrine\ORM\Query\Parser->syntaxError('Literal')
#2 /kunden/399154_22085/webseiten/shop/vendor/doctrine/orm/lib/Doctrine/ORM/Query/Parser.php(2774): Doctrine\ORM\Query\Parser->Literal()
#3 /kunden/399154_22085/webseiten/shop/vendor/doctrine/orm/lib/Doctrine/ORM/Query/Parser.php(2708): Doctrine\ORM\Query\Parser->ArithmeticPrimary()
#4 /kunden/399154_22085/webseiten/shop/vendor/doctrine/orm/lib/Doctrine/ORM/Query/Parser.php(2676): Doctrine\ORM\Query\Parser->ArithmeticFactor()
#5 /kunden/399154_22085/webseiten/shop/vendor/doctrine/orm/lib/Doctrine/ORM/Query/Parser.php(2650): Doctrine\ORM\Query\Parser->ArithmeticTerm()
#6 /kunden/399154_22085/webseiten/shop/vendor/doctrine/orm/lib/Doctrine/ORM/Query/Parser.php(2637): Doctrine\ORM\Query\Parser->SimpleArithmeticExpression()
#7 /kunden/399154_22085/webseiten/shop/vendor/doctrine/orm/lib/Doctrine/ORM/Query/Parser.php(2977): Doctrine\ORM\Query\Parser->ArithmeticExpression()
#8 /kunden/399154_22085/webseiten/shop/vendor/doctrine/orm/lib/Doctrine/ORM/Query/Parser.php(2501): Doctrine\ORM\Query\Parser->ComparisonExpression()
#9 /kunden/399154_22085/webseiten/shop/vendor/doctrine/orm/lib/Doctrine/ORM/Query/Parser.php(2384): Doctrine\ORM\Query\Parser->SimpleConditionalExpression()
#10 /kunden/399154_22085/webseiten/shop/vendor/doctrine/orm/lib/Doctrine/ORM/Query/Parser.php(2360): Doctrine\ORM\Query\Parser->ConditionalPrimary()
#11 /kunden/399154_22085/webseiten/shop/vendor/doctrine/orm/lib/Doctrine/ORM/Query/Parser.php(2333): Doctrine\ORM\Query\Parser->ConditionalFactor()
#12 /kunden/399154_22085/webseiten/shop/vendor/doctrine/orm/lib/Doctrine/ORM/Query/Parser.php(2303): Doctrine\ORM\Query\Parser->ConditionalTerm()
#13 /kunden/399154_22085/webseiten/shop/vendor/doctrine/orm/lib/Doctrine/ORM/Query/Parser.php(1327): Doctrine\ORM\Query\Parser->ConditionalExpression()
#14 /kunden/399154_22085/webseiten/shop/vendor/doctrine/orm/lib/Doctrine/ORM/Query/Parser.php(876): Doctrine\ORM\Query\Parser->WhereClause()
#15 /kunden/399154_22085/webseiten/shop/vendor/doctrine/orm/lib/Doctrine/ORM/Query/Parser.php(843): Doctrine\ORM\Query\Parser->SelectStatement()
#16 /kunden/399154_22085/webseiten/shop/vendor/doctrine/orm/lib/Doctrine/ORM/Query/Parser.php(268): Doctrine\ORM\Query\Parser->QueryLanguage()
#17 /kunden/399154_22085/webseiten/shop/vendor/doctrine/orm/lib/Doctrine/ORM/Query/Parser.php(351): Doctrine\ORM\Query\Parser->getAST()
#18 /kunden/399154_22085/webseiten/shop/vendor/doctrine/orm/lib/Doctrine/ORM/Query.php(255): Doctrine\ORM\Query\Parser->parse()
#19 /kunden/399154_22085/webseiten/shop/vendor/doctrine/orm/lib/Doctrine/ORM/Query.php(267): Doctrine\ORM\Query->_parse()
#20 /kunden/399154_22085/webseiten/shop/vendor/doctrine/orm/lib/Doctrine/ORM/AbstractQuery.php(794): Doctrine\ORM\Query->_doExecute()
#21 /kunden/399154_22085/webseiten/shop/vendor/doctrine/orm/lib/Doctrine/ORM/AbstractQuery.php(586): Doctrine\ORM\AbstractQuery->execute(NULL, 2)
#22 /kunden/399154_22085/webseiten/shop/engine/Shopware/Plugins/Local/Frontend/SwagVariantsInListing/Bootstrap.php(322): Doctrine\ORM\AbstractQuery->getArrayResult()
#23 /kunden/399154_22085/webseiten/shop/engine/Shopware/Plugins/Local/Frontend/SwagVariantsInListing/Bootstrap.php(151): Shopware_Plugins_Frontend_SwagVariantsInListing_Bootstrap->getZubehoerPic('106', 'Woll-Pullover')
#24 /kunden/399154_22085/webseiten/shop/engine/Library/Enlight/Event/Handler/Plugin.php(149): Shopware_Plugins_Frontend_SwagVariantsInListing_Bootstrap->onPostDispatchDetail(Object(Enlight_Controller_ActionEventArgs))
#25 /kunden/399154_22085/webseiten/shop/engine/Library/Enlight/Event/EventManager.php(211): Enlight_Event_Handler_Plugin->execute(Object(Enlight_Controller_ActionEventArgs))
#26 /kunden/399154_22085/webseiten/shop/engine/Library/Enlight/Controller/Action.php(192): Enlight_Event_EventManager->notify('Enlight_Control...', Object(Enlight_Controller_ActionEventArgs))
#27 /kunden/399154_22085/webseiten/shop/engine/Library/Enlight/Controller/Dispatcher/Default.php(528): Enlight_Controller_Action->dispatch('indexAction')
#28 /kunden/399154_22085/webseiten/shop/engine/Library/Enlight/Controller/Front.php(228): Enlight_Controller_Dispatcher_Default->dispatch(Object(Enlight_Controller_Request_RequestHttp), Object(Enlight_Controller_Response_ResponseHttp))
#29 /kunden/399154_22085/webseiten/shop/engine/Shopware/Kernel.php(141): Enlight_Controller_Front->dispatch()
#30 /kunden/399154_22085/webseiten/shop/vendor/symfony/http-kernel/Symfony/Component/HttpKernel/HttpCache/HttpCache.php(472): Shopware\Kernel->handle(Object(Symfony\Component\HttpFoundation\Request), 1, true)
#31 /kunden/399154_22085/webseiten/shop/engine/Shopware/Components/HttpCache/AppCache.php(256): Symfony\Component\HttpKernel\HttpCache\HttpCache->forward(Object(Symfony\Component\HttpFoundation\Request), true, NULL)
#32 /kunden/399154_22085/webseiten/shop/vendor/symfony/http-kernel/Symfony/Component/HttpKernel/HttpCache/HttpCache.php(429): Shopware\Components\HttpCache\AppCache->forward(Object(Symfony\Component\HttpFoundation\Request), true)
#33 /kunden/399154_22085/webseiten/shop/vendor/symfony/http-kernel/Symfony/Component/HttpKernel/HttpCache/HttpCache.php(329): Symfony\Component\HttpKernel\HttpCache\HttpCache->fetch(Object(Symfony\Component\HttpFoundation\Request), true)
#34 /kunden/399154_22085/webseiten/shop/engine/Shopware/Components/HttpCache/AppCache.php(178): Symfony\Component\HttpKernel\HttpCache\HttpCache->lookup(Object(Symfony\Component\HttpFoundation\Request), true)
#35 /kunden/399154_22085/webseiten/shop/vendor/symfony/http-kernel/Symfony/Component/HttpKernel/HttpCache/HttpCache.php(193): Shopware\Components\HttpCache\AppCache->lookup(Object(Symfony\Component\HttpFoundation\Request), true)
#36 /kunden/399154_22085/webseiten/shop/engine/Shopware/Components/HttpCache/AppCache.php(113): Symfony\Component\HttpKernel\HttpCache\HttpCache->handle(Object(Symfony\Component\HttpFoundation\Request), 1, true)
#37 /kunden/399154_22085/webseiten/shop/shopware.php(109): Shopware\Components\HttpCache\AppCache->handle(Object(Symfony\Component\HttpFoundation\Request))
#38 {main} [] {"uid":"4580ac2"}
[2014-08-29 14:16:05] core.ERROR: exception 'Doctrine\ORM\Query\QueryException' with message 'SELECT articles, images FROM Shopware\Models\Article\Article articles LEFT JOIN articles.images images WHERE articles.id = :articleId AND images.title = :articleName' in /kunden/399154_22085/webseiten/shop/vendor/doctrine/orm/lib/Doctrine/ORM/Query/QueryException.php:41
Stack trace:
#0 /kunden/399154_22085/webseiten/shop/vendor/doctrine/orm/lib/Doctrine/ORM/Query/Parser.php(483): Doctrine\ORM\Query\QueryException::dqlError('SELECT articles...')
#1 /kunden/399154_22085/webseiten/shop/vendor/doctrine/orm/lib/Doctrine/ORM/Query/Parser.php(759): Doctrine\ORM\Query\Parser->semanticalError('Class Shopware\...', Array)
#2 /kunden/399154_22085/webseiten/shop/vendor/doctrine/orm/lib/Doctrine/ORM/Query/Parser.php(279): Doctrine\ORM\Query\Parser->processDeferredPathExpressions(Object(Doctrine\ORM\Query\AST\SelectStatement))
#3 /kunden/399154_22085/webseiten/shop/vendor/doctrine/orm/lib/Doctrine/ORM/Query/Parser.php(351): Doctrine\ORM\Query\Parser->getAST()
#4 /kunden/399154_22085/webseiten/shop/vendor/doctrine/orm/lib/Doctrine/ORM/Query.php(255): Doctrine\ORM\Query\Parser->parse()
#5 /kunden/399154_22085/webseiten/shop/vendor/doctrine/orm/lib/Doctrine/ORM/Query.php(267): Doctrine\ORM\Query->_parse()
#6 /kunden/399154_22085/webseiten/shop/vendor/doctrine/orm/lib/Doctrine/ORM/AbstractQuery.php(794): Doctrine\ORM\Query->_doExecute()
#7 /kunden/399154_22085/webseiten/shop/vendor/doctrine/orm/lib/Doctrine/ORM/AbstractQuery.php(586): Doctrine\ORM\AbstractQuery->execute(NULL, 2)
#8 /kunden/399154_22085/webseiten/shop/engine/Shopware/Plugins/Local/Frontend/SwagVariantsInListing/Bootstrap.php(322): Doctrine\ORM\AbstractQuery->getArrayResult()
#9 /kunden/399154_22085/webseiten/shop/engine/Shopware/Plugins/Local/Frontend/SwagVariantsInListing/Bootstrap.php(151): Shopware_Plugins_Frontend_SwagVariantsInListing_Bootstrap->getZubehoerPic('106', 'Woll-Pullover')
#10 /kunden/399154_22085/webseiten/shop/engine/Library/Enlight/Event/Handler/Plugin.php(149): Shopware_Plugins_Frontend_SwagVariantsInListing_Bootstrap->onPostDispatchDetail(Object(Enlight_Controller_ActionEventArgs))
#11 /kunden/399154_22085/webseiten/shop/engine/Library/Enlight/Event/EventManager.php(211): Enlight_Event_Handler_Plugin->execute(Object(Enlight_Controller_ActionEventArgs))
#12 /kunden/399154_22085/webseiten/shop/engine/Library/Enlight/Controller/Action.php(192): Enlight_Event_EventManager->notify('Enlight_Control...', Object(Enlight_Controller_ActionEventArgs))
#13 /kunden/399154_22085/webseiten/shop/engine/Library/Enlight/Controller/Dispatcher/Default.php(528): Enlight_Controller_Action->dispatch('indexAction')
#14 /kunden/399154_22085/webseiten/shop/engine/Library/Enlight/Controller/Front.php(228): Enlight_Controller_Dispatcher_Default->dispatch(Object(Enlight_Controller_Request_RequestHttp), Object(Enlight_Controller_Response_ResponseHttp))
#15 /kunden/399154_22085/webseiten/shop/engine/Shopware/Kernel.php(141): Enlight_Controller_Front->dispatch()
#16 /kunden/399154_22085/webseiten/shop/vendor/symfony/http-kernel/Symfony/Component/HttpKernel/HttpCache/HttpCache.php(472): Shopware\Kernel->handle(Object(Symfony\Component\HttpFoundation\Request), 1, true)
#17 /kunden/399154_22085/webseiten/shop/engine/Shopware/Components/HttpCache/AppCache.php(256): Symfony\Component\HttpKernel\HttpCache\HttpCache->forward(Object(Symfony\Component\HttpFoundation\Request), true, NULL)
#18 /kunden/399154_22085/webseiten/shop/vendor/symfony/http-kernel/Symfony/Component/HttpKernel/HttpCache/HttpCache.php(429): Shopware\Components\HttpCache\AppCache->forward(Object(Symfony\Component\HttpFoundation\Request), true)
#19 /kunden/399154_22085/webseiten/shop/vendor/symfony/http-kernel/Symfony/Component/HttpKernel/HttpCache/HttpCache.php(329): Symfony\Component\HttpKernel\HttpCache\HttpCache->fetch(Object(Symfony\Component\HttpFoundation\Request), true)
#20 /kunden/399154_22085/webseiten/shop/engine/Shopware/Components/HttpCache/AppCache.php(178): Symfony\Component\HttpKernel\HttpCache\HttpCache->lookup(Object(Symfony\Component\HttpFoundation\Request), true)
#21 /kunden/399154_22085/webseiten/shop/vendor/symfony/http-kernel/Symfony/Component/HttpKernel/HttpCache/HttpCache.php(193): Shopware\Components\HttpCache\AppCache->lookup(Object(Symfony\Component\HttpFoundation\Request), true)
#22 /kunden/399154_22085/webseiten/shop/engine/Shopware/Components/HttpCache/AppCache.php(113): Symfony\Component\HttpKernel\HttpCache\HttpCache->handle(Object(Symfony\Component\HttpFoundation\Request), 1, true)
#23 /kunden/399154_22085/webseiten/shop/shopware.php(109): Shopware\Components\HttpCache\AppCache->handle(Object(Symfony\Component\HttpFoundation\Request))
#24 {main}

Next exception 'Doctrine\ORM\Query\QueryException' with message '[Semantical Error] line 0, col 145 near 'title = :art': Error: Class Shopware\Models\Article\Image has no field or association named title' in /kunden/399154_22085/webseiten/shop/vendor/doctrine/orm/lib/Doctrine/ORM/Query/QueryException.php:63
Stack trace:
#0 /kunden/399154_22085/webseiten/shop/vendor/doctrine/orm/lib/Doctrine/ORM/Query/Parser.php(483): Doctrine\ORM\Query\QueryException::semanticalError('line 0, col 145...', Object(Doctrine\ORM\Query\QueryException))
#1 /kunden/399154_22085/webseiten/shop/vendor/doctrine/orm/lib/Doctrine/ORM/Query/Parser.php(759): Doctrine\ORM\Query\Parser->semanticalError('Class Shopware\...', Array)
#2 /kunden/399154_22085/webseiten/shop/vendor/doctrine/orm/lib/Doctrine/ORM/Query/Parser.php(279): Doctrine\ORM\Query\Parser->processDeferredPathExpressions(Object(Doctrine\ORM\Query\AST\SelectStatement))
#3 /kunden/399154_22085/webseiten/shop/vendor/doctrine/orm/lib/Doctrine/ORM/Query/Parser.php(351): Doctrine\ORM\Query\Parser->getAST()
#4 /kunden/399154_22085/webseiten/shop/vendor/doctrine/orm/lib/Doctrine/ORM/Query.php(255): Doctrine\ORM\Query\Parser->parse()
#5 /kunden/399154_22085/webseiten/shop/vendor/doctrine/orm/lib/Doctrine/ORM/Query.php(267): Doctrine\ORM\Query->_parse()
#6 /kunden/399154_22085/webseiten/shop/vendor/doctrine/orm/lib/Doctrine/ORM/AbstractQuery.php(794): Doctrine\ORM\Query->_doExecute()
#7 /kunden/399154_22085/webseiten/shop/vendor/doctrine/orm/lib/Doctrine/ORM/AbstractQuery.php(586): Doctrine\ORM\AbstractQuery->execute(NULL, 2)
#8 /kunden/399154_22085/webseiten/shop/engine/Shopware/Plugins/Local/Frontend/SwagVariantsInListing/Bootstrap.php(322): Doctrine\ORM\AbstractQuery->getArrayResult()
#9 /kunden/399154_22085/webseiten/shop/engine/Shopware/Plugins/Local/Frontend/SwagVariantsInListing/Bootstrap.php(151): Shopware_Plugins_Frontend_SwagVariantsInListing_Bootstrap->getZubehoerPic('106', 'Woll-Pullover')
#10 /kunden/399154_22085/webseiten/shop/engine/Library/Enlight/Event/Handler/Plugin.php(149): Shopware_Plugins_Frontend_SwagVariantsInListing_Bootstrap->onPostDispatchDetail(Object(Enlight_Controller_ActionEventArgs))
#11 /kunden/399154_22085/webseiten/shop/engine/Library/Enlight/Event/EventManager.php(211): Enlight_Event_Handler_Plugin->execute(Object(Enlight_Controller_ActionEventArgs))
#12 /kunden/399154_22085/webseiten/shop/engine/Library/Enlight/Controller/Action.php(192): Enlight_Event_EventManager->notify('Enlight_Control...', Object(Enlight_Controller_ActionEventArgs))
#13 /kunden/399154_22085/webseiten/shop/engine/Library/Enlight/Controller/Dispatcher/Default.php(528): Enlight_Controller_Action->dispatch('indexAction')
#14 /kunden/399154_22085/webseiten/shop/engine/Library/Enlight/Controller/Front.php(228): Enlight_Controller_Dispatcher_Default->dispatch(Object(Enlight_Controller_Request_RequestHttp), Object(Enlight_Controller_Response_ResponseHttp))
#15 /kunden/399154_22085/webseiten/shop/engine/Shopware/Kernel.php(141): Enlight_Controller_Front->dispatch()
#16 /kunden/399154_22085/webseiten/shop/vendor/symfony/http-kernel/Symfony/Component/HttpKernel/HttpCache/HttpCache.php(472): Shopware\Kernel->handle(Object(Symfony\Component\HttpFoundation\Request), 1, true)
#17 /kunden/399154_22085/webseiten/shop/engine/Shopware/Components/HttpCache/AppCache.php(256): Symfony\Component\HttpKernel\HttpCache\HttpCache->forward(Object(Symfony\Component\HttpFoundation\Request), true, NULL)
#18 /kunden/399154_22085/webseiten/shop/vendor/symfony/http-kernel/Symfony/Component/HttpKernel/HttpCache/HttpCache.php(429): Shopware\Components\HttpCache\AppCache->forward(Object(Symfony\Component\HttpFoundation\Request), true)
#19 /kunden/399154_22085/webseiten/shop/vendor/symfony/http-kernel/Symfony/Component/HttpKernel/HttpCache/HttpCache.php(329): Symfony\Component\HttpKernel\HttpCache\HttpCache->fetch(Object(Symfony\Component\HttpFoundation\Request), true)
#20 /kunden/399154_22085/webseiten/shop/engine/Shopware/Components/HttpCache/AppCache.php(178): Symfony\Component\HttpKernel\HttpCache\HttpCache->lookup(Object(Symfony\Component\HttpFoundation\Request), true)
#21 /kunden/399154_22085/webseiten/shop/vendor/symfony/http-kernel/Symfony/Component/HttpKernel/HttpCache/HttpCache.php(193): Shopware\Components\HttpCache\AppCache->lookup(Object(Symfony\Component\HttpFoundation\Request), true)
#22 /kunden/399154_22085/webseiten/shop/engine/Shopware/Components/HttpCache/AppCache.php(113): Symfony\Component\HttpKernel\HttpCache\HttpCache->handle(Object(Symfony\Component\HttpFoundation\Request), 1, true)
#23 /kunden/399154_22085/webseiten/shop/shopware.php(109): Shopware\Components\HttpCache\AppCache->handle(Object(Symfony\Component\HttpFoundation\Request))
#24 {main} [] {"uid":"c3ad9e9"}
[2014-08-29 14:16:49] core.ERROR: exception 'Doctrine\ORM\Query\QueryException' with message 'Invalid parameter number: number of bound variables does not match number of tokens' in /kunden/399154_22085/webseiten/shop/vendor/doctrine/orm/lib/Doctrine/ORM/Query/QueryException.php:100
Stack trace:
#0 /kunden/399154_22085/webseiten/shop/vendor/doctrine/orm/lib/Doctrine/ORM/Query.php(281): Doctrine\ORM\Query\QueryException::invalidParameterNumber()
#1 /kunden/399154_22085/webseiten/shop/vendor/doctrine/orm/lib/Doctrine/ORM/AbstractQuery.php(794): Doctrine\ORM\Query->_doExecute()
#2 /kunden/399154_22085/webseiten/shop/vendor/doctrine/orm/lib/Doctrine/ORM/AbstractQuery.php(586): Doctrine\ORM\AbstractQuery->execute(NULL, 2)
#3 /kunden/399154_22085/webseiten/shop/engine/Shopware/Plugins/Local/Frontend/SwagVariantsInListing/Bootstrap.php(322): Doctrine\ORM\AbstractQuery->getArrayResult()
#4 /kunden/399154_22085/webseiten/shop/engine/Shopware/Plugins/Local/Frontend/SwagVariantsInListing/Bootstrap.php(151): Shopware_Plugins_Frontend_SwagVariantsInListing_Bootstrap->getZubehoerPic('106', 'Woll-Pullover')
#5 /kunden/399154_22085/webseiten/shop/engine/Library/Enlight/Event/Handler/Plugin.php(149): Shopware_Plugins_Frontend_SwagVariantsInListing_Bootstrap->onPostDispatchDetail(Object(Enlight_Controller_ActionEventArgs))
#6 /kunden/399154_22085/webseiten/shop/engine/Library/Enlight/Event/EventManager.php(211): Enlight_Event_Handler_Plugin->execute(Object(Enlight_Controller_ActionEventArgs))
#7 /kunden/399154_22085/webseiten/shop/engine/Library/Enlight/Controller/Action.php(192): Enlight_Event_EventManager->notify('Enlight_Control...', Object(Enlight_Controller_ActionEventArgs))
#8 /kunden/399154_22085/webseiten/shop/engine/Library/Enlight/Controller/Dispatcher/Default.php(528): Enlight_Controller_Action->dispatch('indexAction')
#9 /kunden/399154_22085/webseiten/shop/engine/Library/Enlight/Controller/Front.php(228): Enlight_Controller_Dispatcher_Default->dispatch(Object(Enlight_Controller_Request_RequestHttp), Object(Enlight_Controller_Response_ResponseHttp))
#10 /kunden/399154_22085/webseiten/shop/engine/Shopware/Kernel.php(141): Enlight_Controller_Front->dispatch()
#11 /kunden/399154_22085/webseiten/shop/vendor/symfony/http-kernel/Symfony/Component/HttpKernel/HttpCache/HttpCache.php(472): Shopware\Kernel->handle(Object(Symfony\Component\HttpFoundation\Request), 1, true)
#12 /kunden/399154_22085/webseiten/shop/engine/Shopware/Components/HttpCache/AppCache.php(256): Symfony\Component\HttpKernel\HttpCache\HttpCache->forward(Object(Symfony\Component\HttpFoundation\Request), true, NULL)
#13 /kunden/399154_22085/webseiten/shop/vendor/symfony/http-kernel/Symfony/Component/HttpKernel/HttpCache/HttpCache.php(429): Shopware\Components\HttpCache\AppCache->forward(Object(Symfony\Component\HttpFoundation\Request), true)
#14 /kunden/399154_22085/webseiten/shop/vendor/symfony/http-kernel/Symfony/Component/HttpKernel/HttpCache/HttpCache.php(329): Symfony\Component\HttpKernel\HttpCache\HttpCache->fetch(Object(Symfony\Component\HttpFoundation\Request), true)
#15 /kunden/399154_22085/webseiten/shop/engine/Shopware/Components/HttpCache/AppCache.php(178): Symfony\Component\HttpKernel\HttpCache\HttpCache->lookup(Object(Symfony\Component\HttpFoundation\Request), true)
#16 /kunden/399154_22085/webseiten/shop/vendor/symfony/http-kernel/Symfony/Component/HttpKernel/HttpCache/HttpCache.php(193): Shopware\Components\HttpCache\AppCache->lookup(Object(Symfony\Component\HttpFoundation\Request), true)
#17 /kunden/399154_22085/webseiten/shop/engine/Shopware/Components/HttpCache/AppCache.php(113): Symfony\Component\HttpKernel\HttpCache\HttpCache->handle(Object(Symfony\Component\HttpFoundation\Request), 1, true)
#18 /kunden/399154_22085/webseiten/shop/shopware.php(109): Shopware\Components\HttpCache\AppCache->handle(Object(Symfony\Component\HttpFoundation\Request))
#19 {main} [] {"uid":"7f9db9e"}
[2014-08-29 14:17:14] core.ERROR: exception 'Doctrine\ORM\Query\QueryException' with message 'SELECT articles, images FROM Shopware\Models\Article\Article articles LEFT JOIN articles.images images WHERE articles.id = :articleId AND images.title = :articleName' in /kunden/399154_22085/webseiten/shop/vendor/doctrine/orm/lib/Doctrine/ORM/Query/QueryException.php:41
Stack trace:
#0 /kunden/399154_22085/webseiten/shop/vendor/doctrine/orm/lib/Doctrine/ORM/Query/Parser.php(483): Doctrine\ORM\Query\QueryException::dqlError('SELECT articles...')
#1 /kunden/399154_22085/webseiten/shop/vendor/doctrine/orm/lib/Doctrine/ORM/Query/Parser.php(759): Doctrine\ORM\Query\Parser->semanticalError('Class Shopware\...', Array)
#2 /kunden/399154_22085/webseiten/shop/vendor/doctrine/orm/lib/Doctrine/ORM/Query/Parser.php(279): Doctrine\ORM\Query\Parser->processDeferredPathExpressions(Object(Doctrine\ORM\Query\AST\SelectStatement))
#3 /kunden/399154_22085/webseiten/shop/vendor/doctrine/orm/lib/Doctrine/ORM/Query/Parser.php(351): Doctrine\ORM\Query\Parser->getAST()
#4 /kunden/399154_22085/webseiten/shop/vendor/doctrine/orm/lib/Doctrine/ORM/Query.php(255): Doctrine\ORM\Query\Parser->parse()
#5 /kunden/399154_22085/webseiten/shop/vendor/doctrine/orm/lib/Doctrine/ORM/Query.php(267): Doctrine\ORM\Query->_parse()
#6 /kunden/399154_22085/webseiten/shop/vendor/doctrine/orm/lib/Doctrine/ORM/AbstractQuery.php(794): Doctrine\ORM\Query->_doExecute()
#7 /kunden/399154_22085/webseiten/shop/vendor/doctrine/orm/lib/Doctrine/ORM/AbstractQuery.php(586): Doctrine\ORM\AbstractQuery->execute(NULL, 2)
#8 /kunden/399154_22085/webseiten/shop/engine/Shopware/Plugins/Local/Frontend/SwagVariantsInListing/Bootstrap.php(322): Doctrine\ORM\AbstractQuery->getArrayResult()
#9 /kunden/399154_22085/webseiten/shop/engine/Shopware/Plugins/Local/Frontend/SwagVariantsInListing/Bootstrap.php(151): Shopware_Plugins_Frontend_SwagVariantsInListing_Bootstrap->getZubehoerPic('106', 'Woll-Pullover')
#10 /kunden/399154_22085/webseiten/shop/engine/Library/Enlight/Event/Handler/Plugin.php(149): Shopware_Plugins_Frontend_SwagVariantsInListing_Bootstrap->onPostDispatchDetail(Object(Enlight_Controller_ActionEventArgs))
#11 /kunden/399154_22085/webseiten/shop/engine/Library/Enlight/Event/EventManager.php(211): Enlight_Event_Handler_Plugin->execute(Object(Enlight_Controller_ActionEventArgs))
#12 /kunden/399154_22085/webseiten/shop/engine/Library/Enlight/Controller/Action.php(192): Enlight_Event_EventManager->notify('Enlight_Control...', Object(Enlight_Controller_ActionEventArgs))
#13 /kunden/399154_22085/webseiten/shop/engine/Library/Enlight/Controller/Dispatcher/Default.php(528): Enlight_Controller_Action->dispatch('indexAction')
#14 /kunden/399154_22085/webseiten/shop/engine/Library/Enlight/Controller/Front.php(228): Enlight_Controller_Dispatcher_Default->dispatch(Object(Enlight_Controller_Request_RequestHttp), Object(Enlight_Controller_Response_ResponseHttp))
#15 /kunden/399154_22085/webseiten/shop/engine/Shopware/Kernel.php(141): Enlight_Controller_Front->dispatch()
#16 /kunden/399154_22085/webseiten/shop/vendor/symfony/http-kernel/Symfony/Component/HttpKernel/HttpCache/HttpCache.php(472): Shopware\Kernel->handle(Object(Symfony\Component\HttpFoundation\Request), 1, true)
#17 /kunden/399154_22085/webseiten/shop/engine/Shopware/Components/HttpCache/AppCache.php(256): Symfony\Component\HttpKernel\HttpCache\HttpCache->forward(Object(Symfony\Component\HttpFoundation\Request), true, NULL)
#18 /kunden/399154_22085/webseiten/shop/vendor/symfony/http-kernel/Symfony/Component/HttpKernel/HttpCache/HttpCache.php(429): Shopware\Components\HttpCache\AppCache->forward(Object(Symfony\Component\HttpFoundation\Request), true)
#19 /kunden/399154_22085/webseiten/shop/vendor/symfony/http-kernel/Symfony/Component/HttpKernel/HttpCache/HttpCache.php(329): Symfony\Component\HttpKernel\HttpCache\HttpCache->fetch(Object(Symfony\Component\HttpFoundation\Request), true)
#20 /kunden/399154_22085/webseiten/shop/engine/Shopware/Components/HttpCache/AppCache.php(178): Symfony\Component\HttpKernel\HttpCache\HttpCache->lookup(Object(Symfony\Component\HttpFoundation\Request), true)
#21 /kunden/399154_22085/webseiten/shop/vendor/symfony/http-kernel/Symfony/Component/HttpKernel/HttpCache/HttpCache.php(193): Shopware\Components\HttpCache\AppCache->lookup(Object(Symfony\Component\HttpFoundation\Request), true)
#22 /kunden/399154_22085/webseiten/shop/engine/Shopware/Components/HttpCache/AppCache.php(113): Symfony\Component\HttpKernel\HttpCache\HttpCache->handle(Object(Symfony\Component\HttpFoundation\Request), 1, true)
#23 /kunden/399154_22085/webseiten/shop/shopware.php(109): Shopware\Components\HttpCache\AppCache->handle(Object(Symfony\Component\HttpFoundation\Request))
#24 {main}

Next exception 'Doctrine\ORM\Query\QueryException' with message '[Semantical Error] line 0, col 145 near 'title = :art': Error: Class Shopware\Models\Article\Image has no field or association named title' in /kunden/399154_22085/webseiten/shop/vendor/doctrine/orm/lib/Doctrine/ORM/Query/QueryException.php:63
Stack trace:
#0 /kunden/399154_22085/webseiten/shop/vendor/doctrine/orm/lib/Doctrine/ORM/Query/Parser.php(483): Doctrine\ORM\Query\QueryException::semanticalError('line 0, col 145...', Object(Doctrine\ORM\Query\QueryException))
#1 /kunden/399154_22085/webseiten/shop/vendor/doctrine/orm/lib/Doctrine/ORM/Query/Parser.php(759): Doctrine\ORM\Query\Parser->semanticalError('Class Shopware\...', Array)
#2 /kunden/399154_22085/webseiten/shop/vendor/doctrine/orm/lib/Doctrine/ORM/Query/Parser.php(279): Doctrine\ORM\Query\Parser->processDeferredPathExpressions(Object(Doctrine\ORM\Query\AST\SelectStatement))
#3 /kunden/399154_22085/webseiten/shop/vendor/doctrine/orm/lib/Doctrine/ORM/Query/Parser.php(351): Doctrine\ORM\Query\Parser->getAST()
#4 /kunden/399154_22085/webseiten/shop/vendor/doctrine/orm/lib/Doctrine/ORM/Query.php(255): Doctrine\ORM\Query\Parser->parse()
#5 /kunden/399154_22085/webseiten/shop/vendor/doctrine/orm/lib/Doctrine/ORM/Query.php(267): Doctrine\ORM\Query->_parse()
#6 /kunden/399154_22085/webseiten/shop/vendor/doctrine/orm/lib/Doctrine/ORM/AbstractQuery.php(794): Doctrine\ORM\Query->_doExecute()
#7 /kunden/399154_22085/webseiten/shop/vendor/doctrine/orm/lib/Doctrine/ORM/AbstractQuery.php(586): Doctrine\ORM\AbstractQuery->execute(NULL, 2)
#8 /kunden/399154_22085/webseiten/shop/engine/Shopware/Plugins/Local/Frontend/SwagVariantsInListing/Bootstrap.php(322): Doctrine\ORM\AbstractQuery->getArrayResult()
#9 /kunden/399154_22085/webseiten/shop/engine/Shopware/Plugins/Local/Frontend/SwagVariantsInListing/Bootstrap.php(151): Shopware_Plugins_Frontend_SwagVariantsInListing_Bootstrap->getZubehoerPic('106', 'Woll-Pullover')
#10 /kunden/399154_22085/webseiten/shop/engine/Library/Enlight/Event/Handler/Plugin.php(149): Shopware_Plugins_Frontend_SwagVariantsInListing_Bootstrap->onPostDispatchDetail(Object(Enlight_Controller_ActionEventArgs))
#11 /kunden/399154_22085/webseiten/shop/engine/Library/Enlight/Event/EventManager.php(211): Enlight_Event_Handler_Plugin->execute(Object(Enlight_Controller_ActionEventArgs))
#12 /kunden/399154_22085/webseiten/shop/engine/Library/Enlight/Controller/Action.php(192): Enlight_Event_EventManager->notify('Enlight_Control...', Object(Enlight_Controller_ActionEventArgs))
#13 /kunden/399154_22085/webseiten/shop/engine/Library/Enlight/Controller/Dispatcher/Default.php(528): Enlight_Controller_Action->dispatch('indexAction')
#14 /kunden/399154_22085/webseiten/shop/engine/Library/Enlight/Controller/Front.php(228): Enlight_Controller_Dispatcher_Default->dispatch(Object(Enlight_Controller_Request_RequestHttp), Object(Enlight_Controller_Response_ResponseHttp))
#15 /kunden/399154_22085/webseiten/shop/engine/Shopware/Kernel.php(141): Enlight_Controller_Front->dispatch()
#16 /kunden/399154_22085/webseiten/shop/vendor/symfony/http-kernel/Symfony/Component/HttpKernel/HttpCache/HttpCache.php(472): Shopware\Kernel->handle(Object(Symfony\Component\HttpFoundation\Request), 1, true)
#17 /kunden/399154_22085/webseiten/shop/engine/Shopware/Components/HttpCache/AppCache.php(256): Symfony\Component\HttpKernel\HttpCache\HttpCache->forward(Object(Symfony\Component\HttpFoundation\Request), true, NULL)
#18 /kunden/399154_22085/webseiten/shop/vendor/symfony/http-kernel/Symfony/Component/HttpKernel/HttpCache/HttpCache.php(429): Shopware\Components\HttpCache\AppCache->forward(Object(Symfony\Component\HttpFoundation\Request), true)
#19 /kunden/399154_22085/webseiten/shop/vendor/symfony/http-kernel/Symfony/Component/HttpKernel/HttpCache/HttpCache.php(329): Symfony\Component\HttpKernel\HttpCache\HttpCache->fetch(Object(Symfony\Component\HttpFoundation\Request), true)
#20 /kunden/399154_22085/webseiten/shop/engine/Shopware/Components/HttpCache/AppCache.php(178): Symfony\Component\HttpKernel\HttpCache\HttpCache->lookup(Object(Symfony\Component\HttpFoundation\Request), true)
#21 /kunden/399154_22085/webseiten/shop/vendor/symfony/http-kernel/Symfony/Component/HttpKernel/HttpCache/HttpCache.php(193): Shopware\Components\HttpCache\AppCache->lookup(Object(Symfony\Component\HttpFoundation\Request), true)
#22 /kunden/399154_22085/webseiten/shop/engine/Shopware/Components/HttpCache/AppCache.php(113): Symfony\Component\HttpKernel\HttpCache\HttpCache->handle(Object(Symfony\Component\HttpFoundation\Request), 1, true)
#23 /kunden/399154_22085/webseiten/shop/shopware.php(109): Shopware\Components\HttpCache\AppCache->handle(Object(Symfony\Component\HttpFoundation\Request))
#24 {main} [] {"uid":"1f8bb65"}
[2014-08-29 18:44:44] core.ERROR: exception 'PDOException' with message 'SQLSTATE[42000]: Syntax error or access violation: 1064 You have an error in your SQL syntax; check the manual that corresponds to your MySQL server version for the right syntax to use near 'a.datum DESC, LPAD (aAttributes.attr20,10,0) ASC, a.id DESC
            LIMIT 0,' at line 125' in /kunden/399154_22085/webseiten/shop/engine/Library/Zend/Db/Statement/Pdo.php:228
Stack trace:
#0 /kunden/399154_22085/webseiten/shop/engine/Library/Zend/Db/Statement/Pdo.php(228): PDOStatement->execute(Array)
#1 /kunden/399154_22085/webseiten/shop/engine/Library/Zend/Db/Statement.php(303): Zend_Db_Statement_Pdo->_execute(Array)
#2 /kunden/399154_22085/webseiten/shop/engine/Library/Zend/Db/Adapter/Abstract.php(480): Zend_Db_Statement->execute(Array)
#3 /kunden/399154_22085/webseiten/shop/engine/Library/Zend/Db/Adapter/Pdo/Abstract.php(238): Zend_Db_Adapter_Abstract->query('?            SE...', Array)
#4 /kunden/399154_22085/webseiten/shop/engine/Library/Enlight/Components/Db/Adapter/Pdo/Mysql.php(75): Zend_Db_Adapter_Pdo_Abstract->query('?            SE...', Array)
#5 /kunden/399154_22085/webseiten/shop/engine/Library/Zend/Db/Adapter/Abstract.php(776): Enlight_Components_Db_Adapter_Pdo_Mysql->query('?            SE...', Array)
#6 /kunden/399154_22085/webseiten/shop/engine/core/class/sArticles.php(1151): Zend_Db_Adapter_Abstract->fetchAssoc('?            SE...')
#7 /kunden/399154_22085/webseiten/shop/engine/Shopware/Controllers/Frontend/Listing.php(162): sArticles->sGetArticlesByCategory(7)
#8 /kunden/399154_22085/webseiten/shop/engine/Library/Enlight/Controller/Action.php(159): Shopware_Controllers_Frontend_Listing->indexAction()
#9 /kunden/399154_22085/webseiten/shop/engine/Library/Enlight/Controller/Dispatcher/Default.php(528): Enlight_Controller_Action->dispatch('indexAction')
#10 /kunden/399154_22085/webseiten/shop/engine/Library/Enlight/Controller/Front.php(228): Enlight_Controller_Dispatcher_Default->dispatch(Object(Enlight_Controller_Request_RequestHttp), Object(Enlight_Controller_Response_ResponseHttp))
#11 /kunden/399154_22085/webseiten/shop/engine/Shopware/Kernel.php(141): Enlight_Controller_Front->dispatch()
#12 /kunden/399154_22085/webseiten/shop/vendor/symfony/http-kernel/Symfony/Component/HttpKernel/HttpCache/HttpCache.php(472): Shopware\Kernel->handle(Object(Symfony\Component\HttpFoundation\Request), 1, true)
#13 /kunden/399154_22085/webseiten/shop/engine/Shopware/Components/HttpCache/AppCache.php(256): Symfony\Component\HttpKernel\HttpCache\HttpCache->forward(Object(Symfony\Component\HttpFoundation\Request), true, NULL)
#14 /kunden/399154_22085/webseiten/shop/vendor/symfony/http-kernel/Symfony/Component/HttpKernel/HttpCache/HttpCache.php(429): Shopware\Components\HttpCache\AppCache->forward(Object(Symfony\Component\HttpFoundation\Request), true)
#15 /kunden/399154_22085/webseiten/shop/vendor/symfony/http-kernel/Symfony/Component/HttpKernel/HttpCache/HttpCache.php(329): Symfony\Component\HttpKernel\HttpCache\HttpCache->fetch(Object(Symfony\Component\HttpFoundation\Request), true)
#16 /kunden/399154_22085/webseiten/shop/engine/Shopware/Components/HttpCache/AppCache.php(178): Symfony\Component\HttpKernel\HttpCache\HttpCache->lookup(Object(Symfony\Component\HttpFoundation\Request), true)
#17 /kunden/399154_22085/webseiten/shop/vendor/symfony/http-kernel/Symfony/Component/HttpKernel/HttpCache/HttpCache.php(193): Shopware\Components\HttpCache\AppCache->lookup(Object(Symfony\Component\HttpFoundation\Request), true)
#18 /kunden/399154_22085/webseiten/shop/engine/Shopware/Components/HttpCache/AppCache.php(113): Symfony\Component\HttpKernel\HttpCache\HttpCache->handle(Object(Symfony\Component\HttpFoundation\Request), 1, true)
#19 /kunden/399154_22085/webseiten/shop/shopware.php(109): Shopware\Components\HttpCache\AppCache->handle(Object(Symfony\Component\HttpFoundation\Request))
#20 {main}

Next exception 'Zend_Db_Statement_Exception' with message 'SQLSTATE[42000]: Syntax error or access violation: 1064 You have an error in your SQL syntax; check the manual that corresponds to your MySQL server version for the right syntax to use near 'a.datum DESC, LPAD (aAttributes.attr20,10,0) ASC, a.id DESC
            LIMIT 0,' at line 125' in /kunden/399154_22085/webseiten/shop/engine/Library/Zend/Db/Statement/Pdo.php:234
Stack trace:
#0 /kunden/399154_22085/webseiten/shop/engine/Library/Zend/Db/Statement.php(303): Zend_Db_Statement_Pdo->_execute(Array)
#1 /kunden/399154_22085/webseiten/shop/engine/Library/Zend/Db/Adapter/Abstract.php(480): Zend_Db_Statement->execute(Array)
#2 /kunden/399154_22085/webseiten/shop/engine/Library/Zend/Db/Adapter/Pdo/Abstract.php(238): Zend_Db_Adapter_Abstract->query('?            SE...', Array)
#3 /kunden/399154_22085/webseiten/shop/engine/Library/Enlight/Components/Db/Adapter/Pdo/Mysql.php(75): Zend_Db_Adapter_Pdo_Abstract->query('?            SE...', Array)
#4 /kunden/399154_22085/webseiten/shop/engine/Library/Zend/Db/Adapter/Abstract.php(776): Enlight_Components_Db_Adapter_Pdo_Mysql->query('?            SE...', Array)
#5 /kunden/399154_22085/webseiten/shop/engine/core/class/sArticles.php(1151): Zend_Db_Adapter_Abstract->fetchAssoc('?            SE...')
#6 /kunden/399154_22085/webseiten/shop/engine/Shopware/Controllers/Frontend/Listing.php(162): sArticles->sGetArticlesByCategory(7)
#7 /kunden/399154_22085/webseiten/shop/engine/Library/Enlight/Controller/Action.php(159): Shopware_Controllers_Frontend_Listing->indexAction()
#8 /kunden/399154_22085/webseiten/shop/engine/Library/Enlight/Controller/Dispatcher/Default.php(528): Enlight_Controller_Action->dispatch('indexAction')
#9 /kunden/399154_22085/webseiten/shop/engine/Library/Enlight/Controller/Front.php(228): Enlight_Controller_Dispatcher_Default->dispatch(Object(Enlight_Controller_Request_RequestHttp), Object(Enlight_Controller_Response_ResponseHttp))
#10 /kunden/399154_22085/webseiten/shop/engine/Shopware/Kernel.php(141): Enlight_Controller_Front->dispatch()
#11 /kunden/399154_22085/webseiten/shop/vendor/symfony/http-kernel/Symfony/Component/HttpKernel/HttpCache/HttpCache.php(472): Shopware\Kernel->handle(Object(Symfony\Component\HttpFoundation\Request), 1, true)
#12 /kunden/399154_22085/webseiten/shop/engine/Shopware/Components/HttpCache/AppCache.php(256): Symfony\Component\HttpKernel\HttpCache\HttpCache->forward(Object(Symfony\Component\HttpFoundation\Request), true, NULL)
#13 /kunden/399154_22085/webseiten/shop/vendor/symfony/http-kernel/Symfony/Component/HttpKernel/HttpCache/HttpCache.php(429): Shopware\Components\HttpCache\AppCache->forward(Object(Symfony\Component\HttpFoundation\Request), true)
#14 /kunden/399154_22085/webseiten/shop/vendor/symfony/http-kernel/Symfony/Component/HttpKernel/HttpCache/HttpCache.php(329): Symfony\Component\HttpKernel\HttpCache\HttpCache->fetch(Object(Symfony\Component\HttpFoundation\Request), true)
#15 /kunden/399154_22085/webseiten/shop/engine/Shopware/Components/HttpCache/AppCache.php(178): Symfony\Component\HttpKernel\HttpCache\HttpCache->lookup(Object(Symfony\Component\HttpFoundation\Request), true)
#16 /kunden/399154_22085/webseiten/shop/vendor/symfony/http-kernel/Symfony/Component/HttpKernel/HttpCache/HttpCache.php(193): Shopware\Components\HttpCache\AppCache->lookup(Object(Symfony\Component\HttpFoundation\Request), true)
#17 /kunden/399154_22085/webseiten/shop/engine/Shopware/Components/HttpCache/AppCache.php(113): Symfony\Component\HttpKernel\HttpCache\HttpCache->handle(Object(Symfony\Component\HttpFoundation\Request), 1, true)
#18 /kunden/399154_22085/webseiten/shop/shopware.php(109): Shopware\Components\HttpCache\AppCache->handle(Object(Symfony\Component\HttpFoundation\Request))
#19 {main} [] {"uid":"e9d8563"}
[2014-08-29 18:45:14] core.ERROR: exception 'PDOException' with message 'SQLSTATE[42000]: Syntax error or access violation: 1064 You have an error in your SQL syntax; check the manual that corresponds to your MySQL server version for the right syntax to use near 'a.datum DESC, LPAD (aAttributes.attr20,10,0) ASC, a.id DESC
            LIMIT 0,' at line 125' in /kunden/399154_22085/webseiten/shop/engine/Library/Zend/Db/Statement/Pdo.php:228
Stack trace:
#0 /kunden/399154_22085/webseiten/shop/engine/Library/Zend/Db/Statement/Pdo.php(228): PDOStatement->execute(Array)
#1 /kunden/399154_22085/webseiten/shop/engine/Library/Zend/Db/Statement.php(303): Zend_Db_Statement_Pdo->_execute(Array)
#2 /kunden/399154_22085/webseiten/shop/engine/Library/Zend/Db/Adapter/Abstract.php(480): Zend_Db_Statement->execute(Array)
#3 /kunden/399154_22085/webseiten/shop/engine/Library/Zend/Db/Adapter/Pdo/Abstract.php(238): Zend_Db_Adapter_Abstract->query('?            SE...', Array)
#4 /kunden/399154_22085/webseiten/shop/engine/Library/Enlight/Components/Db/Adapter/Pdo/Mysql.php(75): Zend_Db_Adapter_Pdo_Abstract->query('?            SE...', Array)
#5 /kunden/399154_22085/webseiten/shop/engine/Library/Zend/Db/Adapter/Abstract.php(776): Enlight_Components_Db_Adapter_Pdo_Mysql->query('?            SE...', Array)
#6 /kunden/399154_22085/webseiten/shop/engine/core/class/sArticles.php(1151): Zend_Db_Adapter_Abstract->fetchAssoc('?            SE...')
#7 /kunden/399154_22085/webseiten/shop/engine/Shopware/Controllers/Frontend/Listing.php(162): sArticles->sGetArticlesByCategory(7)
#8 /kunden/399154_22085/webseiten/shop/engine/Library/Enlight/Controller/Action.php(159): Shopware_Controllers_Frontend_Listing->indexAction()
#9 /kunden/399154_22085/webseiten/shop/engine/Library/Enlight/Controller/Dispatcher/Default.php(528): Enlight_Controller_Action->dispatch('indexAction')
#10 /kunden/399154_22085/webseiten/shop/engine/Library/Enlight/Controller/Front.php(228): Enlight_Controller_Dispatcher_Default->dispatch(Object(Enlight_Controller_Request_RequestHttp), Object(Enlight_Controller_Response_ResponseHttp))
#11 /kunden/399154_22085/webseiten/shop/engine/Shopware/Kernel.php(141): Enlight_Controller_Front->dispatch()
#12 /kunden/399154_22085/webseiten/shop/vendor/symfony/http-kernel/Symfony/Component/HttpKernel/HttpCache/HttpCache.php(472): Shopware\Kernel->handle(Object(Symfony\Component\HttpFoundation\Request), 1, true)
#13 /kunden/399154_22085/webseiten/shop/engine/Shopware/Components/HttpCache/AppCache.php(256): Symfony\Component\HttpKernel\HttpCache\HttpCache->forward(Object(Symfony\Component\HttpFoundation\Request), true, NULL)
#14 /kunden/399154_22085/webseiten/shop/vendor/symfony/http-kernel/Symfony/Component/HttpKernel/HttpCache/HttpCache.php(429): Shopware\Components\HttpCache\AppCache->forward(Object(Symfony\Component\HttpFoundation\Request), true)
#15 /kunden/399154_22085/webseiten/shop/vendor/symfony/http-kernel/Symfony/Component/HttpKernel/HttpCache/HttpCache.php(329): Symfony\Component\HttpKernel\HttpCache\HttpCache->fetch(Object(Symfony\Component\HttpFoundation\Request), true)
#16 /kunden/399154_22085/webseiten/shop/engine/Shopware/Components/HttpCache/AppCache.php(178): Symfony\Component\HttpKernel\HttpCache\HttpCache->lookup(Object(Symfony\Component\HttpFoundation\Request), true)
#17 /kunden/399154_22085/webseiten/shop/vendor/symfony/http-kernel/Symfony/Component/HttpKernel/HttpCache/HttpCache.php(193): Shopware\Components\HttpCache\AppCache->lookup(Object(Symfony\Component\HttpFoundation\Request), true)
#18 /kunden/399154_22085/webseiten/shop/engine/Shopware/Components/HttpCache/AppCache.php(113): Symfony\Component\HttpKernel\HttpCache\HttpCache->handle(Object(Symfony\Component\HttpFoundation\Request), 1, true)
#19 /kunden/399154_22085/webseiten/shop/shopware.php(109): Shopware\Components\HttpCache\AppCache->handle(Object(Symfony\Component\HttpFoundation\Request))
#20 {main}

Next exception 'Zend_Db_Statement_Exception' with message 'SQLSTATE[42000]: Syntax error or access violation: 1064 You have an error in your SQL syntax; check the manual that corresponds to your MySQL server version for the right syntax to use near 'a.datum DESC, LPAD (aAttributes.attr20,10,0) ASC, a.id DESC
            LIMIT 0,' at line 125' in /kunden/399154_22085/webseiten/shop/engine/Library/Zend/Db/Statement/Pdo.php:234
Stack trace:
#0 /kunden/399154_22085/webseiten/shop/engine/Library/Zend/Db/Statement.php(303): Zend_Db_Statement_Pdo->_execute(Array)
#1 /kunden/399154_22085/webseiten/shop/engine/Library/Zend/Db/Adapter/Abstract.php(480): Zend_Db_Statement->execute(Array)
#2 /kunden/399154_22085/webseiten/shop/engine/Library/Zend/Db/Adapter/Pdo/Abstract.php(238): Zend_Db_Adapter_Abstract->query('?            SE...', Array)
#3 /kunden/399154_22085/webseiten/shop/engine/Library/Enlight/Components/Db/Adapter/Pdo/Mysql.php(75): Zend_Db_Adapter_Pdo_Abstract->query('?            SE...', Array)
#4 /kunden/399154_22085/webseiten/shop/engine/Library/Zend/Db/Adapter/Abstract.php(776): Enlight_Components_Db_Adapter_Pdo_Mysql->query('?            SE...', Array)
#5 /kunden/399154_22085/webseiten/shop/engine/core/class/sArticles.php(1151): Zend_Db_Adapter_Abstract->fetchAssoc('?            SE...')
#6 /kunden/399154_22085/webseiten/shop/engine/Shopware/Controllers/Frontend/Listing.php(162): sArticles->sGetArticlesByCategory(7)
#7 /kunden/399154_22085/webseiten/shop/engine/Library/Enlight/Controller/Action.php(159): Shopware_Controllers_Frontend_Listing->indexAction()
#8 /kunden/399154_22085/webseiten/shop/engine/Library/Enlight/Controller/Dispatcher/Default.php(528): Enlight_Controller_Action->dispatch('indexAction')
#9 /kunden/399154_22085/webseiten/shop/engine/Library/Enlight/Controller/Front.php(228): Enlight_Controller_Dispatcher_Default->dispatch(Object(Enlight_Controller_Request_RequestHttp), Object(Enlight_Controller_Response_ResponseHttp))
#10 /kunden/399154_22085/webseiten/shop/engine/Shopware/Kernel.php(141): Enlight_Controller_Front->dispatch()
#11 /kunden/399154_22085/webseiten/shop/vendor/symfony/http-kernel/Symfony/Component/HttpKernel/HttpCache/HttpCache.php(472): Shopware\Kernel->handle(Object(Symfony\Component\HttpFoundation\Request), 1, true)
#12 /kunden/399154_22085/webseiten/shop/engine/Shopware/Components/HttpCache/AppCache.php(256): Symfony\Component\HttpKernel\HttpCache\HttpCache->forward(Object(Symfony\Component\HttpFoundation\Request), true, NULL)
#13 /kunden/399154_22085/webseiten/shop/vendor/symfony/http-kernel/Symfony/Component/HttpKernel/HttpCache/HttpCache.php(429): Shopware\Components\HttpCache\AppCache->forward(Object(Symfony\Component\HttpFoundation\Request), true)
#14 /kunden/399154_22085/webseiten/shop/vendor/symfony/http-kernel/Symfony/Component/HttpKernel/HttpCache/HttpCache.php(329): Symfony\Component\HttpKernel\HttpCache\HttpCache->fetch(Object(Symfony\Component\HttpFoundation\Request), true)
#15 /kunden/399154_22085/webseiten/shop/engine/Shopware/Components/HttpCache/AppCache.php(178): Symfony\Component\HttpKernel\HttpCache\HttpCache->lookup(Object(Symfony\Component\HttpFoundation\Request), true)
#16 /kunden/399154_22085/webseiten/shop/vendor/symfony/http-kernel/Symfony/Component/HttpKernel/HttpCache/HttpCache.php(193): Shopware\Components\HttpCache\AppCache->lookup(Object(Symfony\Component\HttpFoundation\Request), true)
#17 /kunden/399154_22085/webseiten/shop/engine/Shopware/Components/HttpCache/AppCache.php(113): Symfony\Component\HttpKernel\HttpCache\HttpCache->handle(Object(Symfony\Component\HttpFoundation\Request), 1, true)
#18 /kunden/399154_22085/webseiten/shop/shopware.php(109): Shopware\Components\HttpCache\AppCache->handle(Object(Symfony\Component\HttpFoundation\Request))
#19 {main} [] {"uid":"b9b0483"}
[2014-08-29 21:44:41] core.ERROR: exception 'SmartyException' with message 'Unable to load template snippet 'widgets/error/service.tpl|dreisc_article_supplier_logo/frontend/listing/box_article.tpl|dreisc_article_supplier_logo/frontend/index/header.tpl'' in /kunden/399154_22085/webseiten/shop/engine/Library/Smarty/sysplugins/smarty_internal_templatebase.php:127
Stack trace:
#0 /kunden/399154_22085/webseiten/shop/engine/Library/Enlight/View/Default.php(273): Smarty_Internal_TemplateBase->fetch()
#1 /kunden/399154_22085/webseiten/shop/engine/Library/Enlight/Controller/Plugins/ViewRenderer/Bootstrap.php(212): Enlight_View_Default->render(Object(Enlight_Template_Default))
#2 /kunden/399154_22085/webseiten/shop/engine/Library/Enlight/Controller/Plugins/ViewRenderer/Bootstrap.php(238): Enlight_Controller_Plugins_ViewRenderer_Bootstrap->renderTemplate(Object(Enlight_Template_Default))
#3 /kunden/399154_22085/webseiten/shop/engine/Library/Enlight/Controller/Plugins/ViewRenderer/Bootstrap.php(136): Enlight_Controller_Plugins_ViewRenderer_Bootstrap->render()
#4 [internal function]: Enlight_Controller_Plugins_ViewRenderer_Bootstrap->onPostDispatch(Object(Enlight_Controller_ActionEventArgs))
#5 /kunden/399154_22085/webseiten/shop/engine/Library/Enlight/Event/Handler/Default.php(91): call_user_func(Array, Object(Enlight_Controller_ActionEventArgs))
#6 /kunden/399154_22085/webseiten/shop/engine/Library/Enlight/Event/EventManager.php(211): Enlight_Event_Handler_Default->execute(Object(Enlight_Controller_ActionEventArgs))
#7 /kunden/399154_22085/webseiten/shop/engine/Library/Enlight/Controller/Action.php(202): Enlight_Event_EventManager->notify('Enlight_Control...', Object(Enlight_Controller_ActionEventArgs))
#8 /kunden/399154_22085/webseiten/shop/engine/Library/Enlight/Controller/Dispatcher/Default.php(528): Enlight_Controller_Action->dispatch('serviceAction')
#9 /kunden/399154_22085/webseiten/shop/engine/Library/Enlight/Controller/Front.php(228): Enlight_Controller_Dispatcher_Default->dispatch(Object(Enlight_Controller_Request_RequestHttp), Object(Enlight_Controller_Response_ResponseHttp))
#10 /kunden/399154_22085/webseiten/shop/engine/Shopware/Kernel.php(141): Enlight_Controller_Front->dispatch()
#11 /kunden/399154_22085/webseiten/shop/vendor/symfony/http-kernel/Symfony/Component/HttpKernel/HttpCache/HttpCache.php(472): Shopware\Kernel->handle(Object(Symfony\Component\HttpFoundation\Request), 1, true)
#12 /kunden/399154_22085/webseiten/shop/engine/Shopware/Components/HttpCache/AppCache.php(256): Symfony\Component\HttpKernel\HttpCache\HttpCache->forward(Object(Symfony\Component\HttpFoundation\Request), true, NULL)
#13 /kunden/399154_22085/webseiten/shop/vendor/symfony/http-kernel/Symfony/Component/HttpKernel/HttpCache/HttpCache.php(243): Shopware\Components\HttpCache\AppCache->forward(Object(Symfony\Component\HttpFoundation\Request), true)
#14 /kunden/399154_22085/webseiten/shop/engine/Shopware/Components/HttpCache/AppCache.php(106): Symfony\Component\HttpKernel\HttpCache\HttpCache->pass(Object(Symfony\Component\HttpFoundation\Request), true)
#15 /kunden/399154_22085/webseiten/shop/shopware.php(109): Shopware\Components\HttpCache\AppCache->handle(Object(Symfony\Component\HttpFoundation\Request))
#16 {main} [] {"uid":"3350f3e"}
[2014-08-29 21:44:41] core.ERROR: exception 'SmartyException' with message 'Unable to load template snippet 'widgets/error/service.tpl|dreisc_article_supplier_logo/frontend/listing/box_article.tpl|dreisc_article_supplier_logo/frontend/index/header.tpl'' in /kunden/399154_22085/webseiten/shop/engine/Library/Smarty/sysplugins/smarty_internal_templatebase.php:127
Stack trace:
#0 /kunden/399154_22085/webseiten/shop/engine/Library/Enlight/View/Default.php(273): Smarty_Internal_TemplateBase->fetch()
#1 /kunden/399154_22085/webseiten/shop/engine/Library/Enlight/Controller/Plugins/ViewRenderer/Bootstrap.php(212): Enlight_View_Default->render(Object(Enlight_Template_Default))
#2 /kunden/399154_22085/webseiten/shop/engine/Library/Enlight/Controller/Plugins/ViewRenderer/Bootstrap.php(238): Enlight_Controller_Plugins_ViewRenderer_Bootstrap->renderTemplate(Object(Enlight_Template_Default))
#3 /kunden/399154_22085/webseiten/shop/engine/Library/Enlight/Controller/Plugins/ViewRenderer/Bootstrap.php(136): Enlight_Controller_Plugins_ViewRenderer_Bootstrap->render()
#4 [internal function]: Enlight_Controller_Plugins_ViewRenderer_Bootstrap->onPostDispatch(Object(Enlight_Controller_ActionEventArgs))
#5 /kunden/399154_22085/webseiten/shop/engine/Library/Enlight/Event/Handler/Default.php(91): call_user_func(Array, Object(Enlight_Controller_ActionEventArgs))
#6 /kunden/399154_22085/webseiten/shop/engine/Library/Enlight/Event/EventManager.php(211): Enlight_Event_Handler_Default->execute(Object(Enlight_Controller_ActionEventArgs))
#7 /kunden/399154_22085/webseiten/shop/engine/Library/Enlight/Controller/Action.php(202): Enlight_Event_EventManager->notify('Enlight_Control...', Object(Enlight_Controller_ActionEventArgs))
#8 /kunden/399154_22085/webseiten/shop/engine/Library/Enlight/Controller/Dispatcher/Default.php(528): Enlight_Controller_Action->dispatch('serviceAction')
#9 /kunden/399154_22085/webseiten/shop/engine/Library/Enlight/Controller/Front.php(228): Enlight_Controller_Dispatcher_Default->dispatch(Object(Enlight_Controller_Request_RequestHttp), Object(Enlight_Controller_Response_ResponseHttp))
#10 /kunden/399154_22085/webseiten/shop/engine/Shopware/Kernel.php(141): Enlight_Controller_Front->dispatch()
#11 /kunden/399154_22085/webseiten/shop/vendor/symfony/http-kernel/Symfony/Component/HttpKernel/HttpCache/HttpCache.php(472): Shopware\Kernel->handle(Object(Symfony\Component\HttpFoundation\Request), 1, true)
#12 /kunden/399154_22085/webseiten/shop/engine/Shopware/Components/HttpCache/AppCache.php(256): Symfony\Component\HttpKernel\HttpCache\HttpCache->forward(Object(Symfony\Component\HttpFoundation\Request), true, NULL)
#13 /kunden/399154_22085/webseiten/shop/vendor/symfony/http-kernel/Symfony/Component/HttpKernel/HttpCache/HttpCache.php(429): Shopware\Components\HttpCache\AppCache->forward(Object(Symfony\Component\HttpFoundation\Request), true)
#14 /kunden/399154_22085/webseiten/shop/vendor/symfony/http-kernel/Symfony/Component/HttpKernel/HttpCache/HttpCache.php(329): Symfony\Component\HttpKernel\HttpCache\HttpCache->fetch(Object(Symfony\Component\HttpFoundation\Request), true)
#15 /kunden/399154_22085/webseiten/shop/engine/Shopware/Components/HttpCache/AppCache.php(178): Symfony\Component\HttpKernel\HttpCache\HttpCache->lookup(Object(Symfony\Component\HttpFoundation\Request), true)
#16 /kunden/399154_22085/webseiten/shop/vendor/symfony/http-kernel/Symfony/Component/HttpKernel/HttpCache/HttpCache.php(193): Shopware\Components\HttpCache\AppCache->lookup(Object(Symfony\Component\HttpFoundation\Request), true)
#17 /kunden/399154_22085/webseiten/shop/engine/Shopware/Components/HttpCache/AppCache.php(113): Symfony\Component\HttpKernel\HttpCache\HttpCache->handle(Object(Symfony\Component\HttpFoundation\Request), 1, true)
#18 /kunden/399154_22085/webseiten/shop/shopware.php(109): Shopware\Components\HttpCache\AppCache->handle(Object(Symfony\Component\HttpFoundation\Request))
#19 {main} [] {"uid":"40de6c5"}
