[2014-08-26 09:33:59] core.ERROR: exception 'SmartyException' with message 'Unable to load template snippet 'widgets/error/service.tpl|dreisc_article_supplier_logo/frontend/listing/box_article.tpl|dreisc_article_supplier_logo/frontend/index/header.tpl'' in /kunden/399154_22085/webseiten/shop/engine/Library/Smarty/sysplugins/smarty_internal_templatebase.php:127
Stack trace:
#0 /kunden/399154_22085/webseiten/shop/engine/Library/Enlight/View/Default.php(273): Smarty_Internal_TemplateBase->fetch()
#1 /kunden/399154_22085/webseiten/shop/engine/Library/Enlight/Controller/Plugins/ViewRenderer/Bootstrap.php(212): Enlight_View_Default->render(Object(Enlight_Template_Default))
#2 /kunden/399154_22085/webseiten/shop/engine/Library/Enlight/Controller/Plugins/ViewRenderer/Bootstrap.php(238): Enlight_Controller_Plugins_ViewRenderer_Bootstrap->renderTemplate(Object(Enlight_Template_Default))
#3 /kunden/399154_22085/webseiten/shop/engine/Library/Enlight/Controller/Plugins/ViewRenderer/Bootstrap.php(136): Enlight_Controller_Plugins_ViewRenderer_Bootstrap->render()
#4 [internal function]: Enlight_Controller_Plugins_ViewRenderer_Bootstrap->onPostDispatch(Object(Enlight_Controller_ActionEventArgs))
#5 /kunden/399154_22085/webseiten/shop/engine/Library/Enlight/Event/Handler/Default.php(91): call_user_func(Array, Object(Enlight_Controller_ActionEventArgs))
#6 /kunden/399154_22085/webseiten/shop/engine/Library/Enlight/Event/EventManager.php(211): Enlight_Event_Handler_Default->execute(Object(Enlight_Controller_ActionEventArgs))
#7 /kunden/399154_22085/webseiten/shop/engine/Library/Enlight/Controller/Action.php(202): Enlight_Event_EventManager->notify('Enlight_Control...', Object(Enlight_Controller_ActionEventArgs))
#8 /kunden/399154_22085/webseiten/shop/engine/Library/Enlight/Controller/Dispatcher/Default.php(528): Enlight_Controller_Action->dispatch('serviceAction')
#9 /kunden/399154_22085/webseiten/shop/engine/Library/Enlight/Controller/Front.php(228): Enlight_Controller_Dispatcher_Default->dispatch(Object(Enlight_Controller_Request_RequestHttp), Object(Enlight_Controller_Response_ResponseHttp))
#10 /kunden/399154_22085/webseiten/shop/engine/Shopware/Kernel.php(141): Enlight_Controller_Front->dispatch()
#11 /kunden/399154_22085/webseiten/shop/vendor/symfony/http-kernel/Symfony/Component/HttpKernel/HttpCache/HttpCache.php(472): Shopware\Kernel->handle(Object(Symfony\Component\HttpFoundation\Request), 1, true)
#12 /kunden/399154_22085/webseiten/shop/engine/Shopware/Components/HttpCache/AppCache.php(256): Symfony\Component\HttpKernel\HttpCache\HttpCache->forward(Object(Symfony\Component\HttpFoundation\Request), true, NULL)
#13 /kunden/399154_22085/webseiten/shop/vendor/symfony/http-kernel/Symfony/Component/HttpKernel/HttpCache/HttpCache.php(243): Shopware\Components\HttpCache\AppCache->forward(Object(Symfony\Component\HttpFoundation\Request), true)
#14 /kunden/399154_22085/webseiten/shop/engine/Shopware/Components/HttpCache/AppCache.php(106): Symfony\Component\HttpKernel\HttpCache\HttpCache->pass(Object(Symfony\Component\HttpFoundation\Request), true)
#15 /kunden/399154_22085/webseiten/shop/shopware.php(109): Shopware\Components\HttpCache\AppCache->handle(Object(Symfony\Component\HttpFoundation\Request))
#16 {main} [] {"uid":"ecf5b71"}
[2014-08-26 09:33:59] core.ERROR: exception 'SmartyException' with message 'Unable to load template snippet 'widgets/error/service.tpl|dreisc_article_supplier_logo/frontend/listing/box_article.tpl|dreisc_article_supplier_logo/frontend/index/header.tpl'' in /kunden/399154_22085/webseiten/shop/engine/Library/Smarty/sysplugins/smarty_internal_templatebase.php:127
Stack trace:
#0 /kunden/399154_22085/webseiten/shop/engine/Library/Enlight/View/Default.php(273): Smarty_Internal_TemplateBase->fetch()
#1 /kunden/399154_22085/webseiten/shop/engine/Library/Enlight/Controller/Plugins/ViewRenderer/Bootstrap.php(212): Enlight_View_Default->render(Object(Enlight_Template_Default))
#2 /kunden/399154_22085/webseiten/shop/engine/Library/Enlight/Controller/Plugins/ViewRenderer/Bootstrap.php(238): Enlight_Controller_Plugins_ViewRenderer_Bootstrap->renderTemplate(Object(Enlight_Template_Default))
#3 /kunden/399154_22085/webseiten/shop/engine/Library/Enlight/Controller/Plugins/ViewRenderer/Bootstrap.php(136): Enlight_Controller_Plugins_ViewRenderer_Bootstrap->render()
#4 [internal function]: Enlight_Controller_Plugins_ViewRenderer_Bootstrap->onPostDispatch(Object(Enlight_Controller_ActionEventArgs))
#5 /kunden/399154_22085/webseiten/shop/engine/Library/Enlight/Event/Handler/Default.php(91): call_user_func(Array, Object(Enlight_Controller_ActionEventArgs))
#6 /kunden/399154_22085/webseiten/shop/engine/Library/Enlight/Event/EventManager.php(211): Enlight_Event_Handler_Default->execute(Object(Enlight_Controller_ActionEventArgs))
#7 /kunden/399154_22085/webseiten/shop/engine/Library/Enlight/Controller/Action.php(202): Enlight_Event_EventManager->notify('Enlight_Control...', Object(Enlight_Controller_ActionEventArgs))
#8 /kunden/399154_22085/webseiten/shop/engine/Library/Enlight/Controller/Dispatcher/Default.php(528): Enlight_Controller_Action->dispatch('serviceAction')
#9 /kunden/399154_22085/webseiten/shop/engine/Library/Enlight/Controller/Front.php(228): Enlight_Controller_Dispatcher_Default->dispatch(Object(Enlight_Controller_Request_RequestHttp), Object(Enlight_Controller_Response_ResponseHttp))
#10 /kunden/399154_22085/webseiten/shop/engine/Shopware/Kernel.php(141): Enlight_Controller_Front->dispatch()
#11 /kunden/399154_22085/webseiten/shop/vendor/symfony/http-kernel/Symfony/Component/HttpKernel/HttpCache/HttpCache.php(472): Shopware\Kernel->handle(Object(Symfony\Component\HttpFoundation\Request), 1, true)
#12 /kunden/399154_22085/webseiten/shop/engine/Shopware/Components/HttpCache/AppCache.php(256): Symfony\Component\HttpKernel\HttpCache\HttpCache->forward(Object(Symfony\Component\HttpFoundation\Request), true, NULL)
#13 /kunden/399154_22085/webseiten/shop/vendor/symfony/http-kernel/Symfony/Component/HttpKernel/HttpCache/HttpCache.php(429): Shopware\Components\HttpCache\AppCache->forward(Object(Symfony\Component\HttpFoundation\Request), true)
#14 /kunden/399154_22085/webseiten/shop/vendor/symfony/http-kernel/Symfony/Component/HttpKernel/HttpCache/HttpCache.php(329): Symfony\Component\HttpKernel\HttpCache\HttpCache->fetch(Object(Symfony\Component\HttpFoundation\Request), true)
#15 /kunden/399154_22085/webseiten/shop/engine/Shopware/Components/HttpCache/AppCache.php(178): Symfony\Component\HttpKernel\HttpCache\HttpCache->lookup(Object(Symfony\Component\HttpFoundation\Request), true)
#16 /kunden/399154_22085/webseiten/shop/vendor/symfony/http-kernel/Symfony/Component/HttpKernel/HttpCache/HttpCache.php(193): Shopware\Components\HttpCache\AppCache->lookup(Object(Symfony\Component\HttpFoundation\Request), true)
#17 /kunden/399154_22085/webseiten/shop/engine/Shopware/Components/HttpCache/AppCache.php(113): Symfony\Component\HttpKernel\HttpCache\HttpCache->handle(Object(Symfony\Component\HttpFoundation\Request), 1, true)
#18 /kunden/399154_22085/webseiten/shop/shopware.php(109): Shopware\Components\HttpCache\AppCache->handle(Object(Symfony\Component\HttpFoundation\Request))
#19 {main} [] {"uid":"5b726f3"}
[2014-08-26 09:35:07] core.ERROR: exception 'SmartyException' with message 'Unable to load template snippet 'widgets/error/service.tpl|dreisc_article_supplier_logo/frontend/listing/box_article.tpl|dreisc_article_supplier_logo/frontend/index/header.tpl'' in /kunden/399154_22085/webseiten/shop/engine/Library/Smarty/sysplugins/smarty_internal_templatebase.php:127
Stack trace:
#0 /kunden/399154_22085/webseiten/shop/engine/Library/Enlight/View/Default.php(273): Smarty_Internal_TemplateBase->fetch()
#1 /kunden/399154_22085/webseiten/shop/engine/Library/Enlight/Controller/Plugins/ViewRenderer/Bootstrap.php(212): Enlight_View_Default->render(Object(Enlight_Template_Default))
#2 /kunden/399154_22085/webseiten/shop/engine/Library/Enlight/Controller/Plugins/ViewRenderer/Bootstrap.php(238): Enlight_Controller_Plugins_ViewRenderer_Bootstrap->renderTemplate(Object(Enlight_Template_Default))
#3 /kunden/399154_22085/webseiten/shop/engine/Library/Enlight/Controller/Plugins/ViewRenderer/Bootstrap.php(136): Enlight_Controller_Plugins_ViewRenderer_Bootstrap->render()
#4 [internal function]: Enlight_Controller_Plugins_ViewRenderer_Bootstrap->onPostDispatch(Object(Enlight_Controller_ActionEventArgs))
#5 /kunden/399154_22085/webseiten/shop/engine/Library/Enlight/Event/Handler/Default.php(91): call_user_func(Array, Object(Enlight_Controller_ActionEventArgs))
#6 /kunden/399154_22085/webseiten/shop/engine/Library/Enlight/Event/EventManager.php(211): Enlight_Event_Handler_Default->execute(Object(Enlight_Controller_ActionEventArgs))
#7 /kunden/399154_22085/webseiten/shop/engine/Library/Enlight/Controller/Action.php(202): Enlight_Event_EventManager->notify('Enlight_Control...', Object(Enlight_Controller_ActionEventArgs))
#8 /kunden/399154_22085/webseiten/shop/engine/Library/Enlight/Controller/Dispatcher/Default.php(528): Enlight_Controller_Action->dispatch('serviceAction')
#9 /kunden/399154_22085/webseiten/shop/engine/Library/Enlight/Controller/Front.php(228): Enlight_Controller_Dispatcher_Default->dispatch(Object(Enlight_Controller_Request_RequestHttp), Object(Enlight_Controller_Response_ResponseHttp))
#10 /kunden/399154_22085/webseiten/shop/engine/Shopware/Kernel.php(141): Enlight_Controller_Front->dispatch()
#11 /kunden/399154_22085/webseiten/shop/vendor/symfony/http-kernel/Symfony/Component/HttpKernel/HttpCache/HttpCache.php(472): Shopware\Kernel->handle(Object(Symfony\Component\HttpFoundation\Request), 1, true)
#12 /kunden/399154_22085/webseiten/shop/engine/Shopware/Components/HttpCache/AppCache.php(256): Symfony\Component\HttpKernel\HttpCache\HttpCache->forward(Object(Symfony\Component\HttpFoundation\Request), true, NULL)
#13 /kunden/399154_22085/webseiten/shop/vendor/symfony/http-kernel/Symfony/Component/HttpKernel/HttpCache/HttpCache.php(243): Shopware\Components\HttpCache\AppCache->forward(Object(Symfony\Component\HttpFoundation\Request), true)
#14 /kunden/399154_22085/webseiten/shop/engine/Shopware/Components/HttpCache/AppCache.php(106): Symfony\Component\HttpKernel\HttpCache\HttpCache->pass(Object(Symfony\Component\HttpFoundation\Request), true)
#15 /kunden/399154_22085/webseiten/shop/shopware.php(109): Shopware\Components\HttpCache\AppCache->handle(Object(Symfony\Component\HttpFoundation\Request))
#16 {main} [] {"uid":"55c7cc3"}
[2014-08-26 09:35:07] core.ERROR: exception 'SmartyException' with message 'Unable to load template snippet 'widgets/error/service.tpl|dreisc_article_supplier_logo/frontend/listing/box_article.tpl|dreisc_article_supplier_logo/frontend/index/header.tpl'' in /kunden/399154_22085/webseiten/shop/engine/Library/Smarty/sysplugins/smarty_internal_templatebase.php:127
Stack trace:
#0 /kunden/399154_22085/webseiten/shop/engine/Library/Enlight/View/Default.php(273): Smarty_Internal_TemplateBase->fetch()
#1 /kunden/399154_22085/webseiten/shop/engine/Library/Enlight/Controller/Plugins/ViewRenderer/Bootstrap.php(212): Enlight_View_Default->render(Object(Enlight_Template_Default))
#2 /kunden/399154_22085/webseiten/shop/engine/Library/Enlight/Controller/Plugins/ViewRenderer/Bootstrap.php(238): Enlight_Controller_Plugins_ViewRenderer_Bootstrap->renderTemplate(Object(Enlight_Template_Default))
#3 /kunden/399154_22085/webseiten/shop/engine/Library/Enlight/Controller/Plugins/ViewRenderer/Bootstrap.php(136): Enlight_Controller_Plugins_ViewRenderer_Bootstrap->render()
#4 [internal function]: Enlight_Controller_Plugins_ViewRenderer_Bootstrap->onPostDispatch(Object(Enlight_Controller_ActionEventArgs))
#5 /kunden/399154_22085/webseiten/shop/engine/Library/Enlight/Event/Handler/Default.php(91): call_user_func(Array, Object(Enlight_Controller_ActionEventArgs))
#6 /kunden/399154_22085/webseiten/shop/engine/Library/Enlight/Event/EventManager.php(211): Enlight_Event_Handler_Default->execute(Object(Enlight_Controller_ActionEventArgs))
#7 /kunden/399154_22085/webseiten/shop/engine/Library/Enlight/Controller/Action.php(202): Enlight_Event_EventManager->notify('Enlight_Control...', Object(Enlight_Controller_ActionEventArgs))
#8 /kunden/399154_22085/webseiten/shop/engine/Library/Enlight/Controller/Dispatcher/Default.php(528): Enlight_Controller_Action->dispatch('serviceAction')
#9 /kunden/399154_22085/webseiten/shop/engine/Library/Enlight/Controller/Front.php(228): Enlight_Controller_Dispatcher_Default->dispatch(Object(Enlight_Controller_Request_RequestHttp), Object(Enlight_Controller_Response_ResponseHttp))
#10 /kunden/399154_22085/webseiten/shop/engine/Shopware/Kernel.php(141): Enlight_Controller_Front->dispatch()
#11 /kunden/399154_22085/webseiten/shop/vendor/symfony/http-kernel/Symfony/Component/HttpKernel/HttpCache/HttpCache.php(472): Shopware\Kernel->handle(Object(Symfony\Component\HttpFoundation\Request), 1, true)
#12 /kunden/399154_22085/webseiten/shop/engine/Shopware/Components/HttpCache/AppCache.php(256): Symfony\Component\HttpKernel\HttpCache\HttpCache->forward(Object(Symfony\Component\HttpFoundation\Request), true, NULL)
#13 /kunden/399154_22085/webseiten/shop/vendor/symfony/http-kernel/Symfony/Component/HttpKernel/HttpCache/HttpCache.php(429): Shopware\Components\HttpCache\AppCache->forward(Object(Symfony\Component\HttpFoundation\Request), true)
#14 /kunden/399154_22085/webseiten/shop/vendor/symfony/http-kernel/Symfony/Component/HttpKernel/HttpCache/HttpCache.php(329): Symfony\Component\HttpKernel\HttpCache\HttpCache->fetch(Object(Symfony\Component\HttpFoundation\Request), true)
#15 /kunden/399154_22085/webseiten/shop/engine/Shopware/Components/HttpCache/AppCache.php(178): Symfony\Component\HttpKernel\HttpCache\HttpCache->lookup(Object(Symfony\Component\HttpFoundation\Request), true)
#16 /kunden/399154_22085/webseiten/shop/vendor/symfony/http-kernel/Symfony/Component/HttpKernel/HttpCache/HttpCache.php(193): Shopware\Components\HttpCache\AppCache->lookup(Object(Symfony\Component\HttpFoundation\Request), true)
#17 /kunden/399154_22085/webseiten/shop/engine/Shopware/Components/HttpCache/AppCache.php(113): Symfony\Component\HttpKernel\HttpCache\HttpCache->handle(Object(Symfony\Component\HttpFoundation\Request), 1, true)
#18 /kunden/399154_22085/webseiten/shop/shopware.php(109): Shopware\Components\HttpCache\AppCache->handle(Object(Symfony\Component\HttpFoundation\Request))
#19 {main} [] {"uid":"c8f83e6"}
[2014-08-26 12:37:46] core.ERROR: exception 'SmartyException' with message 'Unable to load template snippet 'widgets/error/service.tpl|dreisc_article_supplier_logo/frontend/listing/box_article.tpl|dreisc_article_supplier_logo/frontend/index/header.tpl'' in /kunden/399154_22085/webseiten/shop/engine/Library/Smarty/sysplugins/smarty_internal_templatebase.php:127
Stack trace:
#0 /kunden/399154_22085/webseiten/shop/engine/Library/Enlight/View/Default.php(273): Smarty_Internal_TemplateBase->fetch()
#1 /kunden/399154_22085/webseiten/shop/engine/Library/Enlight/Controller/Plugins/ViewRenderer/Bootstrap.php(212): Enlight_View_Default->render(Object(Enlight_Template_Default))
#2 /kunden/399154_22085/webseiten/shop/engine/Library/Enlight/Controller/Plugins/ViewRenderer/Bootstrap.php(238): Enlight_Controller_Plugins_ViewRenderer_Bootstrap->renderTemplate(Object(Enlight_Template_Default))
#3 /kunden/399154_22085/webseiten/shop/engine/Library/Enlight/Controller/Plugins/ViewRenderer/Bootstrap.php(136): Enlight_Controller_Plugins_ViewRenderer_Bootstrap->render()
#4 [internal function]: Enlight_Controller_Plugins_ViewRenderer_Bootstrap->onPostDispatch(Object(Enlight_Controller_ActionEventArgs))
#5 /kunden/399154_22085/webseiten/shop/engine/Library/Enlight/Event/Handler/Default.php(91): call_user_func(Array, Object(Enlight_Controller_ActionEventArgs))
#6 /kunden/399154_22085/webseiten/shop/engine/Library/Enlight/Event/EventManager.php(211): Enlight_Event_Handler_Default->execute(Object(Enlight_Controller_ActionEventArgs))
#7 /kunden/399154_22085/webseiten/shop/engine/Library/Enlight/Controller/Action.php(202): Enlight_Event_EventManager->notify('Enlight_Control...', Object(Enlight_Controller_ActionEventArgs))
#8 /kunden/399154_22085/webseiten/shop/engine/Library/Enlight/Controller/Dispatcher/Default.php(528): Enlight_Controller_Action->dispatch('serviceAction')
#9 /kunden/399154_22085/webseiten/shop/engine/Library/Enlight/Controller/Front.php(228): Enlight_Controller_Dispatcher_Default->dispatch(Object(Enlight_Controller_Request_RequestHttp), Object(Enlight_Controller_Response_ResponseHttp))
#10 /kunden/399154_22085/webseiten/shop/engine/Shopware/Kernel.php(141): Enlight_Controller_Front->dispatch()
#11 /kunden/399154_22085/webseiten/shop/vendor/symfony/http-kernel/Symfony/Component/HttpKernel/HttpCache/HttpCache.php(472): Shopware\Kernel->handle(Object(Symfony\Component\HttpFoundation\Request), 1, true)
#12 /kunden/399154_22085/webseiten/shop/engine/Shopware/Components/HttpCache/AppCache.php(256): Symfony\Component\HttpKernel\HttpCache\HttpCache->forward(Object(Symfony\Component\HttpFoundation\Request), true, NULL)
#13 /kunden/399154_22085/webseiten/shop/vendor/symfony/http-kernel/Symfony/Component/HttpKernel/HttpCache/HttpCache.php(243): Shopware\Components\HttpCache\AppCache->forward(Object(Symfony\Component\HttpFoundation\Request), true)
#14 /kunden/399154_22085/webseiten/shop/engine/Shopware/Components/HttpCache/AppCache.php(106): Symfony\Component\HttpKernel\HttpCache\HttpCache->pass(Object(Symfony\Component\HttpFoundation\Request), true)
#15 /kunden/399154_22085/webseiten/shop/shopware.php(109): Shopware\Components\HttpCache\AppCache->handle(Object(Symfony\Component\HttpFoundation\Request))
#16 {main} [] {"uid":"796a6eb"}
[2014-08-26 12:37:46] core.ERROR: exception 'SmartyException' with message 'Unable to load template snippet 'widgets/error/service.tpl|dreisc_article_supplier_logo/frontend/listing/box_article.tpl|dreisc_article_supplier_logo/frontend/index/header.tpl'' in /kunden/399154_22085/webseiten/shop/engine/Library/Smarty/sysplugins/smarty_internal_templatebase.php:127
Stack trace:
#0 /kunden/399154_22085/webseiten/shop/engine/Library/Enlight/View/Default.php(273): Smarty_Internal_TemplateBase->fetch()
#1 /kunden/399154_22085/webseiten/shop/engine/Library/Enlight/Controller/Plugins/ViewRenderer/Bootstrap.php(212): Enlight_View_Default->render(Object(Enlight_Template_Default))
#2 /kunden/399154_22085/webseiten/shop/engine/Library/Enlight/Controller/Plugins/ViewRenderer/Bootstrap.php(238): Enlight_Controller_Plugins_ViewRenderer_Bootstrap->renderTemplate(Object(Enlight_Template_Default))
#3 /kunden/399154_22085/webseiten/shop/engine/Library/Enlight/Controller/Plugins/ViewRenderer/Bootstrap.php(136): Enlight_Controller_Plugins_ViewRenderer_Bootstrap->render()
#4 [internal function]: Enlight_Controller_Plugins_ViewRenderer_Bootstrap->onPostDispatch(Object(Enlight_Controller_ActionEventArgs))
#5 /kunden/399154_22085/webseiten/shop/engine/Library/Enlight/Event/Handler/Default.php(91): call_user_func(Array, Object(Enlight_Controller_ActionEventArgs))
#6 /kunden/399154_22085/webseiten/shop/engine/Library/Enlight/Event/EventManager.php(211): Enlight_Event_Handler_Default->execute(Object(Enlight_Controller_ActionEventArgs))
#7 /kunden/399154_22085/webseiten/shop/engine/Library/Enlight/Controller/Action.php(202): Enlight_Event_EventManager->notify('Enlight_Control...', Object(Enlight_Controller_ActionEventArgs))
#8 /kunden/399154_22085/webseiten/shop/engine/Library/Enlight/Controller/Dispatcher/Default.php(528): Enlight_Controller_Action->dispatch('serviceAction')
#9 /kunden/399154_22085/webseiten/shop/engine/Library/Enlight/Controller/Front.php(228): Enlight_Controller_Dispatcher_Default->dispatch(Object(Enlight_Controller_Request_RequestHttp), Object(Enlight_Controller_Response_ResponseHttp))
#10 /kunden/399154_22085/webseiten/shop/engine/Shopware/Kernel.php(141): Enlight_Controller_Front->dispatch()
#11 /kunden/399154_22085/webseiten/shop/vendor/symfony/http-kernel/Symfony/Component/HttpKernel/HttpCache/HttpCache.php(472): Shopware\Kernel->handle(Object(Symfony\Component\HttpFoundation\Request), 1, true)
#12 /kunden/399154_22085/webseiten/shop/engine/Shopware/Components/HttpCache/AppCache.php(256): Symfony\Component\HttpKernel\HttpCache\HttpCache->forward(Object(Symfony\Component\HttpFoundation\Request), true, NULL)
#13 /kunden/399154_22085/webseiten/shop/vendor/symfony/http-kernel/Symfony/Component/HttpKernel/HttpCache/HttpCache.php(429): Shopware\Components\HttpCache\AppCache->forward(Object(Symfony\Component\HttpFoundation\Request), true)
#14 /kunden/399154_22085/webseiten/shop/vendor/symfony/http-kernel/Symfony/Component/HttpKernel/HttpCache/HttpCache.php(329): Symfony\Component\HttpKernel\HttpCache\HttpCache->fetch(Object(Symfony\Component\HttpFoundation\Request), true)
#15 /kunden/399154_22085/webseiten/shop/engine/Shopware/Components/HttpCache/AppCache.php(178): Symfony\Component\HttpKernel\HttpCache\HttpCache->lookup(Object(Symfony\Component\HttpFoundation\Request), true)
#16 /kunden/399154_22085/webseiten/shop/vendor/symfony/http-kernel/Symfony/Component/HttpKernel/HttpCache/HttpCache.php(193): Shopware\Components\HttpCache\AppCache->lookup(Object(Symfony\Component\HttpFoundation\Request), true)
#17 /kunden/399154_22085/webseiten/shop/engine/Shopware/Components/HttpCache/AppCache.php(113): Symfony\Component\HttpKernel\HttpCache\HttpCache->handle(Object(Symfony\Component\HttpFoundation\Request), 1, true)
#18 /kunden/399154_22085/webseiten/shop/shopware.php(109): Shopware\Components\HttpCache\AppCache->handle(Object(Symfony\Component\HttpFoundation\Request))
#19 {main} [] {"uid":"39892a7"}
