[2014-09-02 10:01:42] core.ERROR: exception 'SmartyException' with message 'Unable to load template snippet 'widgets/error/service.tpl|dreisc_article_supplier_logo/frontend/listing/box_article.tpl|dreisc_article_supplier_logo/frontend/index/header.tpl'' in /kunden/399154_22085/webseiten/shop/engine/Library/Smarty/sysplugins/smarty_internal_templatebase.php:127
Stack trace:
#0 /kunden/399154_22085/webseiten/shop/engine/Library/Enlight/View/Default.php(273): Smarty_Internal_TemplateBase->fetch()
#1 /kunden/399154_22085/webseiten/shop/engine/Library/Enlight/Controller/Plugins/ViewRenderer/Bootstrap.php(212): Enlight_View_Default->render(Object(Enlight_Template_Default))
#2 /kunden/399154_22085/webseiten/shop/engine/Library/Enlight/Controller/Plugins/ViewRenderer/Bootstrap.php(238): Enlight_Controller_Plugins_ViewRenderer_Bootstrap->renderTemplate(Object(Enlight_Template_Default))
#3 /kunden/399154_22085/webseiten/shop/engine/Library/Enlight/Controller/Plugins/ViewRenderer/Bootstrap.php(136): Enlight_Controller_Plugins_ViewRenderer_Bootstrap->render()
#4 [internal function]: Enlight_Controller_Plugins_ViewRenderer_Bootstrap->onPostDispatch(Object(Enlight_Controller_ActionEventArgs))
#5 /kunden/399154_22085/webseiten/shop/engine/Library/Enlight/Event/Handler/Default.php(91): call_user_func(Array, Object(Enlight_Controller_ActionEventArgs))
#6 /kunden/399154_22085/webseiten/shop/engine/Library/Enlight/Event/EventManager.php(211): Enlight_Event_Handler_Default->execute(Object(Enlight_Controller_ActionEventArgs))
#7 /kunden/399154_22085/webseiten/shop/engine/Library/Enlight/Controller/Action.php(202): Enlight_Event_EventManager->notify('Enlight_Control...', Object(Enlight_Controller_ActionEventArgs))
#8 /kunden/399154_22085/webseiten/shop/engine/Library/Enlight/Controller/Dispatcher/Default.php(528): Enlight_Controller_Action->dispatch('serviceAction')
#9 /kunden/399154_22085/webseiten/shop/engine/Library/Enlight/Controller/Front.php(228): Enlight_Controller_Dispatcher_Default->dispatch(Object(Enlight_Controller_Request_RequestHttp), Object(Enlight_Controller_Response_ResponseHttp))
#10 /kunden/399154_22085/webseiten/shop/engine/Shopware/Kernel.php(141): Enlight_Controller_Front->dispatch()
#11 /kunden/399154_22085/webseiten/shop/vendor/symfony/http-kernel/Symfony/Component/HttpKernel/HttpCache/HttpCache.php(472): Shopware\Kernel->handle(Object(Symfony\Component\HttpFoundation\Request), 1, true)
#12 /kunden/399154_22085/webseiten/shop/engine/Shopware/Components/HttpCache/AppCache.php(256): Symfony\Component\HttpKernel\HttpCache\HttpCache->forward(Object(Symfony\Component\HttpFoundation\Request), true, NULL)
#13 /kunden/399154_22085/webseiten/shop/vendor/symfony/http-kernel/Symfony/Component/HttpKernel/HttpCache/HttpCache.php(243): Shopware\Components\HttpCache\AppCache->forward(Object(Symfony\Component\HttpFoundation\Request), true)
#14 /kunden/399154_22085/webseiten/shop/engine/Shopware/Components/HttpCache/AppCache.php(106): Symfony\Component\HttpKernel\HttpCache\HttpCache->pass(Object(Symfony\Component\HttpFoundation\Request), true)
#15 /kunden/399154_22085/webseiten/shop/shopware.php(109): Shopware\Components\HttpCache\AppCache->handle(Object(Symfony\Component\HttpFoundation\Request))
#16 {main} [] {"uid":"1aea031"}
[2014-09-02 10:01:42] core.ERROR: exception 'SmartyException' with message 'Unable to load template snippet 'widgets/error/service.tpl|dreisc_article_supplier_logo/frontend/listing/box_article.tpl|dreisc_article_supplier_logo/frontend/index/header.tpl'' in /kunden/399154_22085/webseiten/shop/engine/Library/Smarty/sysplugins/smarty_internal_templatebase.php:127
Stack trace:
#0 /kunden/399154_22085/webseiten/shop/engine/Library/Enlight/View/Default.php(273): Smarty_Internal_TemplateBase->fetch()
#1 /kunden/399154_22085/webseiten/shop/engine/Library/Enlight/Controller/Plugins/ViewRenderer/Bootstrap.php(212): Enlight_View_Default->render(Object(Enlight_Template_Default))
#2 /kunden/399154_22085/webseiten/shop/engine/Library/Enlight/Controller/Plugins/ViewRenderer/Bootstrap.php(238): Enlight_Controller_Plugins_ViewRenderer_Bootstrap->renderTemplate(Object(Enlight_Template_Default))
#3 /kunden/399154_22085/webseiten/shop/engine/Library/Enlight/Controller/Plugins/ViewRenderer/Bootstrap.php(136): Enlight_Controller_Plugins_ViewRenderer_Bootstrap->render()
#4 [internal function]: Enlight_Controller_Plugins_ViewRenderer_Bootstrap->onPostDispatch(Object(Enlight_Controller_ActionEventArgs))
#5 /kunden/399154_22085/webseiten/shop/engine/Library/Enlight/Event/Handler/Default.php(91): call_user_func(Array, Object(Enlight_Controller_ActionEventArgs))
#6 /kunden/399154_22085/webseiten/shop/engine/Library/Enlight/Event/EventManager.php(211): Enlight_Event_Handler_Default->execute(Object(Enlight_Controller_ActionEventArgs))
#7 /kunden/399154_22085/webseiten/shop/engine/Library/Enlight/Controller/Action.php(202): Enlight_Event_EventManager->notify('Enlight_Control...', Object(Enlight_Controller_ActionEventArgs))
#8 /kunden/399154_22085/webseiten/shop/engine/Library/Enlight/Controller/Dispatcher/Default.php(528): Enlight_Controller_Action->dispatch('serviceAction')
#9 /kunden/399154_22085/webseiten/shop/engine/Library/Enlight/Controller/Front.php(228): Enlight_Controller_Dispatcher_Default->dispatch(Object(Enlight_Controller_Request_RequestHttp), Object(Enlight_Controller_Response_ResponseHttp))
#10 /kunden/399154_22085/webseiten/shop/engine/Shopware/Kernel.php(141): Enlight_Controller_Front->dispatch()
#11 /kunden/399154_22085/webseiten/shop/vendor/symfony/http-kernel/Symfony/Component/HttpKernel/HttpCache/HttpCache.php(472): Shopware\Kernel->handle(Object(Symfony\Component\HttpFoundation\Request), 1, true)
#12 /kunden/399154_22085/webseiten/shop/engine/Shopware/Components/HttpCache/AppCache.php(256): Symfony\Component\HttpKernel\HttpCache\HttpCache->forward(Object(Symfony\Component\HttpFoundation\Request), true, NULL)
#13 /kunden/399154_22085/webseiten/shop/vendor/symfony/http-kernel/Symfony/Component/HttpKernel/HttpCache/HttpCache.php(429): Shopware\Components\HttpCache\AppCache->forward(Object(Symfony\Component\HttpFoundation\Request), true)
#14 /kunden/399154_22085/webseiten/shop/vendor/symfony/http-kernel/Symfony/Component/HttpKernel/HttpCache/HttpCache.php(329): Symfony\Component\HttpKernel\HttpCache\HttpCache->fetch(Object(Symfony\Component\HttpFoundation\Request), true)
#15 /kunden/399154_22085/webseiten/shop/engine/Shopware/Components/HttpCache/AppCache.php(178): Symfony\Component\HttpKernel\HttpCache\HttpCache->lookup(Object(Symfony\Component\HttpFoundation\Request), true)
#16 /kunden/399154_22085/webseiten/shop/vendor/symfony/http-kernel/Symfony/Component/HttpKernel/HttpCache/HttpCache.php(193): Shopware\Components\HttpCache\AppCache->lookup(Object(Symfony\Component\HttpFoundation\Request), true)
#17 /kunden/399154_22085/webseiten/shop/engine/Shopware/Components/HttpCache/AppCache.php(113): Symfony\Component\HttpKernel\HttpCache\HttpCache->handle(Object(Symfony\Component\HttpFoundation\Request), 1, true)
#18 /kunden/399154_22085/webseiten/shop/shopware.php(109): Shopware\Components\HttpCache\AppCache->handle(Object(Symfony\Component\HttpFoundation\Request))
#19 {main} [] {"uid":"4436d62"}
[2014-09-02 13:13:21] core.ERROR: exception 'SmartyException' with message 'Unable to load template snippet 'widgets/error/service.tpl|dreisc_article_supplier_logo/frontend/listing/box_article.tpl|dreisc_article_supplier_logo/frontend/index/header.tpl'' in /kunden/399154_22085/webseiten/shop/engine/Library/Smarty/sysplugins/smarty_internal_templatebase.php:127
Stack trace:
#0 /kunden/399154_22085/webseiten/shop/engine/Library/Enlight/View/Default.php(273): Smarty_Internal_TemplateBase->fetch()
#1 /kunden/399154_22085/webseiten/shop/engine/Library/Enlight/Controller/Plugins/ViewRenderer/Bootstrap.php(212): Enlight_View_Default->render(Object(Enlight_Template_Default))
#2 /kunden/399154_22085/webseiten/shop/engine/Library/Enlight/Controller/Plugins/ViewRenderer/Bootstrap.php(238): Enlight_Controller_Plugins_ViewRenderer_Bootstrap->renderTemplate(Object(Enlight_Template_Default))
#3 /kunden/399154_22085/webseiten/shop/engine/Library/Enlight/Controller/Plugins/ViewRenderer/Bootstrap.php(136): Enlight_Controller_Plugins_ViewRenderer_Bootstrap->render()
#4 [internal function]: Enlight_Controller_Plugins_ViewRenderer_Bootstrap->onPostDispatch(Object(Enlight_Controller_ActionEventArgs))
#5 /kunden/399154_22085/webseiten/shop/engine/Library/Enlight/Event/Handler/Default.php(91): call_user_func(Array, Object(Enlight_Controller_ActionEventArgs))
#6 /kunden/399154_22085/webseiten/shop/engine/Library/Enlight/Event/EventManager.php(211): Enlight_Event_Handler_Default->execute(Object(Enlight_Controller_ActionEventArgs))
#7 /kunden/399154_22085/webseiten/shop/engine/Library/Enlight/Controller/Action.php(202): Enlight_Event_EventManager->notify('Enlight_Control...', Object(Enlight_Controller_ActionEventArgs))
#8 /kunden/399154_22085/webseiten/shop/engine/Library/Enlight/Controller/Dispatcher/Default.php(528): Enlight_Controller_Action->dispatch('serviceAction')
#9 /kunden/399154_22085/webseiten/shop/engine/Library/Enlight/Controller/Front.php(228): Enlight_Controller_Dispatcher_Default->dispatch(Object(Enlight_Controller_Request_RequestHttp), Object(Enlight_Controller_Response_ResponseHttp))
#10 /kunden/399154_22085/webseiten/shop/engine/Shopware/Kernel.php(141): Enlight_Controller_Front->dispatch()
#11 /kunden/399154_22085/webseiten/shop/vendor/symfony/http-kernel/Symfony/Component/HttpKernel/HttpCache/HttpCache.php(472): Shopware\Kernel->handle(Object(Symfony\Component\HttpFoundation\Request), 1, true)
#12 /kunden/399154_22085/webseiten/shop/engine/Shopware/Components/HttpCache/AppCache.php(256): Symfony\Component\HttpKernel\HttpCache\HttpCache->forward(Object(Symfony\Component\HttpFoundation\Request), true, NULL)
#13 /kunden/399154_22085/webseiten/shop/vendor/symfony/http-kernel/Symfony/Component/HttpKernel/HttpCache/HttpCache.php(243): Shopware\Components\HttpCache\AppCache->forward(Object(Symfony\Component\HttpFoundation\Request), true)
#14 /kunden/399154_22085/webseiten/shop/engine/Shopware/Components/HttpCache/AppCache.php(106): Symfony\Component\HttpKernel\HttpCache\HttpCache->pass(Object(Symfony\Component\HttpFoundation\Request), true)
#15 /kunden/399154_22085/webseiten/shop/shopware.php(109): Shopware\Components\HttpCache\AppCache->handle(Object(Symfony\Component\HttpFoundation\Request))
#16 {main} [] {"uid":"986d09a"}
[2014-09-02 13:13:22] core.ERROR: exception 'SmartyException' with message 'Unable to load template snippet 'widgets/error/service.tpl|dreisc_article_supplier_logo/frontend/listing/box_article.tpl|dreisc_article_supplier_logo/frontend/index/header.tpl'' in /kunden/399154_22085/webseiten/shop/engine/Library/Smarty/sysplugins/smarty_internal_templatebase.php:127
Stack trace:
#0 /kunden/399154_22085/webseiten/shop/engine/Library/Enlight/View/Default.php(273): Smarty_Internal_TemplateBase->fetch()
#1 /kunden/399154_22085/webseiten/shop/engine/Library/Enlight/Controller/Plugins/ViewRenderer/Bootstrap.php(212): Enlight_View_Default->render(Object(Enlight_Template_Default))
#2 /kunden/399154_22085/webseiten/shop/engine/Library/Enlight/Controller/Plugins/ViewRenderer/Bootstrap.php(238): Enlight_Controller_Plugins_ViewRenderer_Bootstrap->renderTemplate(Object(Enlight_Template_Default))
#3 /kunden/399154_22085/webseiten/shop/engine/Library/Enlight/Controller/Plugins/ViewRenderer/Bootstrap.php(136): Enlight_Controller_Plugins_ViewRenderer_Bootstrap->render()
#4 [internal function]: Enlight_Controller_Plugins_ViewRenderer_Bootstrap->onPostDispatch(Object(Enlight_Controller_ActionEventArgs))
#5 /kunden/399154_22085/webseiten/shop/engine/Library/Enlight/Event/Handler/Default.php(91): call_user_func(Array, Object(Enlight_Controller_ActionEventArgs))
#6 /kunden/399154_22085/webseiten/shop/engine/Library/Enlight/Event/EventManager.php(211): Enlight_Event_Handler_Default->execute(Object(Enlight_Controller_ActionEventArgs))
#7 /kunden/399154_22085/webseiten/shop/engine/Library/Enlight/Controller/Action.php(202): Enlight_Event_EventManager->notify('Enlight_Control...', Object(Enlight_Controller_ActionEventArgs))
#8 /kunden/399154_22085/webseiten/shop/engine/Library/Enlight/Controller/Dispatcher/Default.php(528): Enlight_Controller_Action->dispatch('serviceAction')
#9 /kunden/399154_22085/webseiten/shop/engine/Library/Enlight/Controller/Front.php(228): Enlight_Controller_Dispatcher_Default->dispatch(Object(Enlight_Controller_Request_RequestHttp), Object(Enlight_Controller_Response_ResponseHttp))
#10 /kunden/399154_22085/webseiten/shop/engine/Shopware/Kernel.php(141): Enlight_Controller_Front->dispatch()
#11 /kunden/399154_22085/webseiten/shop/vendor/symfony/http-kernel/Symfony/Component/HttpKernel/HttpCache/HttpCache.php(472): Shopware\Kernel->handle(Object(Symfony\Component\HttpFoundation\Request), 1, true)
#12 /kunden/399154_22085/webseiten/shop/engine/Shopware/Components/HttpCache/AppCache.php(256): Symfony\Component\HttpKernel\HttpCache\HttpCache->forward(Object(Symfony\Component\HttpFoundation\Request), true, NULL)
#13 /kunden/399154_22085/webseiten/shop/vendor/symfony/http-kernel/Symfony/Component/HttpKernel/HttpCache/HttpCache.php(429): Shopware\Components\HttpCache\AppCache->forward(Object(Symfony\Component\HttpFoundation\Request), true)
#14 /kunden/399154_22085/webseiten/shop/vendor/symfony/http-kernel/Symfony/Component/HttpKernel/HttpCache/HttpCache.php(329): Symfony\Component\HttpKernel\HttpCache\HttpCache->fetch(Object(Symfony\Component\HttpFoundation\Request), true)
#15 /kunden/399154_22085/webseiten/shop/engine/Shopware/Components/HttpCache/AppCache.php(178): Symfony\Component\HttpKernel\HttpCache\HttpCache->lookup(Object(Symfony\Component\HttpFoundation\Request), true)
#16 /kunden/399154_22085/webseiten/shop/vendor/symfony/http-kernel/Symfony/Component/HttpKernel/HttpCache/HttpCache.php(193): Shopware\Components\HttpCache\AppCache->lookup(Object(Symfony\Component\HttpFoundation\Request), true)
#17 /kunden/399154_22085/webseiten/shop/engine/Shopware/Components/HttpCache/AppCache.php(113): Symfony\Component\HttpKernel\HttpCache\HttpCache->handle(Object(Symfony\Component\HttpFoundation\Request), 1, true)
#18 /kunden/399154_22085/webseiten/shop/shopware.php(109): Shopware\Components\HttpCache\AppCache->handle(Object(Symfony\Component\HttpFoundation\Request))
#19 {main} [] {"uid":"204e21a"}
[2014-09-02 16:58:45] core.ERROR: exception 'SmartyException' with message 'Unable to load template snippet 'frontend/listing/box_article_neu.tpl' in 'frontend/search/fuzzy.tpl|frontend/search/extension.tpl|dreisc_article_supplier_logo/frontend/listing/box_article.tpl|dreisc_article_supplier_logo/frontend/index/header.tpl|frontend/plugins/swag_cookie_permission/index.tpl|frontend/plugins/seo/index.tpl|frontend/plugins/advanced_menu/index.tpl'' in /kunden/399154_22085/webseiten/shop/engine/Library/Smarty/sysplugins/smarty_internal_templatebase.php:127
Stack trace:
#0 /kunden/399154_22085/webseiten/shop/engine/Library/Smarty/sysplugins/smarty_internal_template.php(286): Smarty_Internal_TemplateBase->fetch(NULL, NULL, NULL, NULL, false, false, true)
#1 /kunden/399154_22085/webseiten/shop/cache/templates/frontend_emotion_pureglow_de_DE_1/8f/02/c1/8f02c1eb13e041c51b84828b7fb9bb74da388935.snippet.index.tpl.php(471): Smarty_Internal_Template->getSubTemplate('frontend/listin...', NULL, NULL, NULL, NULL, Array, 0)
#2 /kunden/399154_22085/webseiten/shop/engine/Library/Smarty/sysplugins/smarty_internal_templatebase.php(180): content_5405d95477ce57_13242051(Object(Enlight_Template_Default))
#3 /kunden/399154_22085/webseiten/shop/engine/Library/Enlight/View/Default.php(273): Smarty_Internal_TemplateBase->fetch()
#4 /kunden/399154_22085/webseiten/shop/engine/Library/Enlight/Controller/Plugins/ViewRenderer/Bootstrap.php(212): Enlight_View_Default->render(Object(Enlight_Template_Default))
#5 /kunden/399154_22085/webseiten/shop/engine/Library/Enlight/Controller/Plugins/ViewRenderer/Bootstrap.php(238): Enlight_Controller_Plugins_ViewRenderer_Bootstrap->renderTemplate(Object(Enlight_Template_Default))
#6 /kunden/399154_22085/webseiten/shop/engine/Library/Enlight/Controller/Plugins/ViewRenderer/Bootstrap.php(136): Enlight_Controller_Plugins_ViewRenderer_Bootstrap->render()
#7 [internal function]: Enlight_Controller_Plugins_ViewRenderer_Bootstrap->onPostDispatch(Object(Enlight_Controller_ActionEventArgs))
#8 /kunden/399154_22085/webseiten/shop/engine/Library/Enlight/Event/Handler/Default.php(91): call_user_func(Array, Object(Enlight_Controller_ActionEventArgs))
#9 /kunden/399154_22085/webseiten/shop/engine/Library/Enlight/Event/EventManager.php(211): Enlight_Event_Handler_Default->execute(Object(Enlight_Controller_ActionEventArgs))
#10 /kunden/399154_22085/webseiten/shop/engine/Library/Enlight/Controller/Action.php(202): Enlight_Event_EventManager->notify('Enlight_Control...', Object(Enlight_Controller_ActionEventArgs))
#11 /kunden/399154_22085/webseiten/shop/engine/Library/Enlight/Controller/Dispatcher/Default.php(528): Enlight_Controller_Action->dispatch('defaultSearchAc...')
#12 /kunden/399154_22085/webseiten/shop/engine/Library/Enlight/Controller/Front.php(228): Enlight_Controller_Dispatcher_Default->dispatch(Object(Enlight_Controller_Request_RequestHttp), Object(Enlight_Controller_Response_ResponseHttp))
#13 /kunden/399154_22085/webseiten/shop/engine/Shopware/Kernel.php(141): Enlight_Controller_Front->dispatch()
#14 /kunden/399154_22085/webseiten/shop/vendor/symfony/http-kernel/Symfony/Component/HttpKernel/HttpCache/HttpCache.php(472): Shopware\Kernel->handle(Object(Symfony\Component\HttpFoundation\Request), 1, true)
#15 /kunden/399154_22085/webseiten/shop/engine/Shopware/Components/HttpCache/AppCache.php(256): Symfony\Component\HttpKernel\HttpCache\HttpCache->forward(Object(Symfony\Component\HttpFoundation\Request), true, NULL)
#16 /kunden/399154_22085/webseiten/shop/vendor/symfony/http-kernel/Symfony/Component/HttpKernel/HttpCache/HttpCache.php(429): Shopware\Components\HttpCache\AppCache->forward(Object(Symfony\Component\HttpFoundation\Request), true)
#17 /kunden/399154_22085/webseiten/shop/vendor/symfony/http-kernel/Symfony/Component/HttpKernel/HttpCache/HttpCache.php(329): Symfony\Component\HttpKernel\HttpCache\HttpCache->fetch(Object(Symfony\Component\HttpFoundation\Request), true)
#18 /kunden/399154_22085/webseiten/shop/engine/Shopware/Components/HttpCache/AppCache.php(178): Symfony\Component\HttpKernel\HttpCache\HttpCache->lookup(Object(Symfony\Component\HttpFoundation\Request), true)
#19 /kunden/399154_22085/webseiten/shop/vendor/symfony/http-kernel/Symfony/Component/HttpKernel/HttpCache/HttpCache.php(193): Shopware\Components\HttpCache\AppCache->lookup(Object(Symfony\Component\HttpFoundation\Request), true)
#20 /kunden/399154_22085/webseiten/shop/engine/Shopware/Components/HttpCache/AppCache.php(113): Symfony\Component\HttpKernel\HttpCache\HttpCache->handle(Object(Symfony\Component\HttpFoundation\Request), 1, true)
#21 /kunden/399154_22085/webseiten/shop/shopware.php(109): Shopware\Components\HttpCache\AppCache->handle(Object(Symfony\Component\HttpFoundation\Request))
#22 {main} [] {"uid":"571406d"}
[2014-09-02 17:38:25] core.ERROR: exception 'SmartyCompilerException' with message 'Syntax Error in template &quot;/kunden/399154_22085/webseiten/shop/engine/Shopware/Plugins/Local/Frontend/SwagVariantsInListing/Views/frontend/search/extension.tpl&quot;  on line 40 &quot;{include file='frontend/search/box_article_search.tpl' sTemplate='listing' articleimg1=sArticles.$i.swagVariantsInListing.0 articleimg2=sArticles.$i.swagVariantsInListing.1}&quot;  - Unexpected &quot;.&quot;, expected one of: &quot;}&quot; , &quot; &quot; , ATTR' in /kunden/399154_22085/webseiten/shop/engine/Library/Smarty/sysplugins/smarty_internal_templatecompilerbase.php:657
Stack trace:
#0 /kunden/399154_22085/webseiten/shop/engine/Library/Smarty/sysplugins/smarty_internal_templateparser.php(3144): Smarty_Internal_TemplateCompilerBase->trigger_template_error()
#1 /kunden/399154_22085/webseiten/shop/engine/Library/Smarty/sysplugins/smarty_internal_templateparser.php(3209): Smarty_Internal_Templateparser->yy_syntax_error(59, '.')
#2 /kunden/399154_22085/webseiten/shop/engine/Library/Smarty/sysplugins/smarty_internal_smartytemplatecompiler.php(105): Smarty_Internal_Templateparser->doParse(59, '.')
#3 /kunden/399154_22085/webseiten/shop/engine/Library/Smarty/sysplugins/smarty_internal_templatecompilerbase.php(192): Smarty_Internal_SmartyTemplateCompiler->doCompile('?<div class="gr...')
#4 /kunden/399154_22085/webseiten/shop/engine/Library/Smarty/sysplugins/smarty_internal_compile_block.php(197): Smarty_Internal_TemplateCompilerBase->compileTemplate(Object(Smarty_Internal_Template))
#5 /kunden/399154_22085/webseiten/shop/engine/Library/Smarty/sysplugins/smarty_internal_compile_block.php(255): Smarty_Internal_Compile_Block::compileChildBlock(Object(Smarty_Internal_SmartyTemplateCompiler), 'frontend_index_...')
#6 /kunden/399154_22085/webseiten/shop/engine/Library/Smarty/sysplugins/smarty_internal_templatecompilerbase.php(475): Smarty_Internal_Compile_Blockclose->compile(Array, Object(Smarty_Internal_SmartyTemplateCompiler), Array, NULL, NULL)
#7 /kunden/399154_22085/webseiten/shop/engine/Library/Smarty/sysplugins/smarty_internal_templatecompilerbase.php(249): Smarty_Internal_TemplateCompilerBase->callTagCompiler('blockclose', Array, Array)
#8 /kunden/399154_22085/webseiten/shop/engine/Library/Smarty/sysplugins/smarty_internal_templateparser.php(2493): Smarty_Internal_TemplateCompilerBase->compileTag('blockclose', Array)
#9 /kunden/399154_22085/webseiten/shop/engine/Library/Smarty/sysplugins/smarty_internal_templateparser.php(3101): Smarty_Internal_Templateparser->yy_r58()
#10 /kunden/399154_22085/webseiten/shop/engine/Library/Smarty/sysplugins/smarty_internal_templateparser.php(3201): Smarty_Internal_Templateparser->yy_reduce(58)
#11 /kunden/399154_22085/webseiten/shop/engine/Library/Smarty/sysplugins/smarty_internal_smartytemplatecompiler.php(105): Smarty_Internal_Templateparser->doParse(10, '??????????????')
#12 /kunden/399154_22085/webseiten/shop/engine/Library/Smarty/sysplugins/smarty_internal_templatecompilerbase.php(192): Smarty_Internal_SmartyTemplateCompiler->doCompile('{**? * Shopware...')
#13 /kunden/399154_22085/webseiten/shop/engine/Library/Smarty/sysplugins/smarty_internal_template.php(187): Smarty_Internal_TemplateCompilerBase->compileTemplate(Object(Enlight_Template_Default))
#14 /kunden/399154_22085/webseiten/shop/engine/Library/Smarty/sysplugins/smarty_internal_templatebase.php(164): Smarty_Internal_Template->compileTemplateSource()
#15 /kunden/399154_22085/webseiten/shop/engine/Library/Enlight/View/Default.php(273): Smarty_Internal_TemplateBase->fetch()
#16 /kunden/399154_22085/webseiten/shop/engine/Library/Enlight/Controller/Plugins/ViewRenderer/Bootstrap.php(212): Enlight_View_Default->render(Object(Enlight_Template_Default))
#17 /kunden/399154_22085/webseiten/shop/engine/Library/Enlight/Controller/Plugins/ViewRenderer/Bootstrap.php(238): Enlight_Controller_Plugins_ViewRenderer_Bootstrap->renderTemplate(Object(Enlight_Template_Default))
#18 /kunden/399154_22085/webseiten/shop/engine/Library/Enlight/Controller/Plugins/ViewRenderer/Bootstrap.php(136): Enlight_Controller_Plugins_ViewRenderer_Bootstrap->render()
#19 [internal function]: Enlight_Controller_Plugins_ViewRenderer_Bootstrap->onPostDispatch(Object(Enlight_Controller_ActionEventArgs))
#20 /kunden/399154_22085/webseiten/shop/engine/Library/Enlight/Event/Handler/Default.php(91): call_user_func(Array, Object(Enlight_Controller_ActionEventArgs))
#21 /kunden/399154_22085/webseiten/shop/engine/Library/Enlight/Event/EventManager.php(211): Enlight_Event_Handler_Default->execute(Object(Enlight_Controller_ActionEventArgs))
#22 /kunden/399154_22085/webseiten/shop/engine/Library/Enlight/Controller/Action.php(202): Enlight_Event_EventManager->notify('Enlight_Control...', Object(Enlight_Controller_ActionEventArgs))
#23 /kunden/399154_22085/webseiten/shop/engine/Library/Enlight/Controller/Dispatcher/Default.php(528): Enlight_Controller_Action->dispatch('defaultSearchAc...')
#24 /kunden/399154_22085/webseiten/shop/engine/Library/Enlight/Controller/Front.php(228): Enlight_Controller_Dispatcher_Default->dispatch(Object(Enlight_Controller_Request_RequestHttp), Object(Enlight_Controller_Response_ResponseHttp))
#25 /kunden/399154_22085/webseiten/shop/engine/Shopware/Kernel.php(141): Enlight_Controller_Front->dispatch()
#26 /kunden/399154_22085/webseiten/shop/vendor/symfony/http-kernel/Symfony/Component/HttpKernel/HttpCache/HttpCache.php(472): Shopware\Kernel->handle(Object(Symfony\Component\HttpFoundation\Request), 1, true)
#27 /kunden/399154_22085/webseiten/shop/engine/Shopware/Components/HttpCache/AppCache.php(256): Symfony\Component\HttpKernel\HttpCache\HttpCache->forward(Object(Symfony\Component\HttpFoundation\Request), true, NULL)
#28 /kunden/399154_22085/webseiten/shop/vendor/symfony/http-kernel/Symfony/Component/HttpKernel/HttpCache/HttpCache.php(429): Shopware\Components\HttpCache\AppCache->forward(Object(Symfony\Component\HttpFoundation\Request), true)
#29 /kunden/399154_22085/webseiten/shop/vendor/symfony/http-kernel/Symfony/Component/HttpKernel/HttpCache/HttpCache.php(329): Symfony\Component\HttpKernel\HttpCache\HttpCache->fetch(Object(Symfony\Component\HttpFoundation\Request), true)
#30 /kunden/399154_22085/webseiten/shop/engine/Shopware/Components/HttpCache/AppCache.php(178): Symfony\Component\HttpKernel\HttpCache\HttpCache->lookup(Object(Symfony\Component\HttpFoundation\Request), true)
#31 /kunden/399154_22085/webseiten/shop/vendor/symfony/http-kernel/Symfony/Component/HttpKernel/HttpCache/HttpCache.php(193): Shopware\Components\HttpCache\AppCache->lookup(Object(Symfony\Component\HttpFoundation\Request), true)
#32 /kunden/399154_22085/webseiten/shop/engine/Shopware/Components/HttpCache/AppCache.php(113): Symfony\Component\HttpKernel\HttpCache\HttpCache->handle(Object(Symfony\Component\HttpFoundation\Request), 1, true)
#33 /kunden/399154_22085/webseiten/shop/shopware.php(109): Shopware\Components\HttpCache\AppCache->handle(Object(Symfony\Component\HttpFoundation\Request))
#34 {main} [] {"uid":"8c0cc30"}
