[2014-08-31 16:28:56] core.ERROR: exception 'SmartyCompilerException' with message 'Syntax Error in template &quot;/kunden/399154_22085/webseiten/shop/templates/emotion_pureglow/frontend/detail/tabs.tpl&quot;  on line 3 &quot;{block name=&amp;quot;frontend_detail_tabs&amp;quot;}&quot; unmatched {block} {/block} pairs' in /kunden/399154_22085/webseiten/shop/engine/Library/Smarty/sysplugins/smarty_internal_templatecompilerbase.php:657
Stack trace:
#0 /kunden/399154_22085/webseiten/shop/engine/Library/Smarty/sysplugins/smarty_internal_compile_extends.php(88): Smarty_Internal_TemplateCompilerBase->trigger_template_error('unmatched {bloc...')
#1 /kunden/399154_22085/webseiten/shop/engine/Library/Smarty/sysplugins/smarty_internal_templatecompilerbase.php(475): Smarty_Internal_Compile_Extends->compile(Array, Object(Smarty_Internal_SmartyTemplateCompiler), Array, NULL, NULL)
#2 /kunden/399154_22085/webseiten/shop/engine/Library/Smarty/sysplugins/smarty_internal_templatecompilerbase.php(249): Smarty_Internal_TemplateCompilerBase->callTagCompiler('extends', Array, Array)
#3 /kunden/399154_22085/webseiten/shop/engine/Library/Smarty/sysplugins/smarty_internal_templateparser.php(2388): Smarty_Internal_TemplateCompilerBase->compileTag('extends', Array)
#4 /kunden/399154_22085/webseiten/shop/engine/Library/Smarty/sysplugins/smarty_internal_templateparser.php(3101): Smarty_Internal_Templateparser->yy_r36()
#5 /kunden/399154_22085/webseiten/shop/engine/Library/Smarty/sysplugins/smarty_internal_templateparser.php(3201): Smarty_Internal_Templateparser->yy_reduce(36)
#6 /kunden/399154_22085/webseiten/shop/engine/Library/Smarty/sysplugins/smarty_internal_smartytemplatecompiler.php(105): Smarty_Internal_Templateparser->doParse(10, '??')
#7 /kunden/399154_22085/webseiten/shop/engine/Library/Smarty/sysplugins/smarty_internal_templatecompilerbase.php(192): Smarty_Internal_SmartyTemplateCompiler->doCompile('{extends file='...')
#8 /kunden/399154_22085/webseiten/shop/engine/Library/Smarty/sysplugins/smarty_internal_compile_include.php(146): Smarty_Internal_TemplateCompilerBase->compileTemplate(Object(Enlight_Template_Default))
#9 /kunden/399154_22085/webseiten/shop/engine/Library/Smarty/sysplugins/smarty_internal_templatecompilerbase.php(475): Smarty_Internal_Compile_Include->compile(Array, Object(Smarty_Internal_SmartyTemplateCompiler), Array, NULL, NULL)
#10 /kunden/399154_22085/webseiten/shop/engine/Library/Smarty/sysplugins/smarty_internal_templatecompilerbase.php(249): Smarty_Internal_TemplateCompilerBase->callTagCompiler('include', Array, Array)
#11 /kunden/399154_22085/webseiten/shop/engine/Library/Smarty/sysplugins/smarty_internal_templateparser.php(2388): Smarty_Internal_TemplateCompilerBase->compileTag('include', Array)
#12 /kunden/399154_22085/webseiten/shop/engine/Library/Smarty/sysplugins/smarty_internal_templateparser.php(3101): Smarty_Internal_Templateparser->yy_r36()
#13 /kunden/399154_22085/webseiten/shop/engine/Library/Smarty/sysplugins/smarty_internal_templateparser.php(3201): Smarty_Internal_Templateparser->yy_reduce(36)
#14 /kunden/399154_22085/webseiten/shop/engine/Library/Smarty/sysplugins/smarty_internal_smartytemplatecompiler.php(105): Smarty_Internal_Templateparser->doParse(10, '????????')
#15 /kunden/399154_22085/webseiten/shop/engine/Library/Smarty/sysplugins/smarty_internal_templatecompilerbase.php(192): Smarty_Internal_SmartyTemplateCompiler->doCompile('??<div id="deta...')
#16 /kunden/399154_22085/webseiten/shop/engine/Library/Smarty/sysplugins/smarty_internal_compile_block.php(197): Smarty_Internal_TemplateCompilerBase->compileTemplate(Object(Smarty_Internal_Template))
#17 /kunden/399154_22085/webseiten/shop/engine/Library/Smarty/sysplugins/smarty_internal_compile_block.php(255): Smarty_Internal_Compile_Block::compileChildBlock(Object(Smarty_Internal_SmartyTemplateCompiler), 'frontend_index_...')
#18 /kunden/399154_22085/webseiten/shop/engine/Library/Smarty/sysplugins/smarty_internal_templatecompilerbase.php(465): Smarty_Internal_Compile_Blockclose->compile(Array, Object(Smarty_Internal_SmartyTemplateCompiler), Array, NULL, NULL)
#19 /kunden/399154_22085/webseiten/shop/engine/Library/Smarty/sysplugins/smarty_internal_templatecompilerbase.php(249): Smarty_Internal_TemplateCompilerBase->callTagCompiler('blockclose', Array, Array)
#20 /kunden/399154_22085/webseiten/shop/engine/Library/Smarty/sysplugins/smarty_internal_templateparser.php(2493): Smarty_Internal_TemplateCompilerBase->compileTag('blockclose', Array)
#21 /kunden/399154_22085/webseiten/shop/engine/Library/Smarty/sysplugins/smarty_internal_templateparser.php(3101): Smarty_Internal_Templateparser->yy_r58()
#22 /kunden/399154_22085/webseiten/shop/engine/Library/Smarty/sysplugins/smarty_internal_templateparser.php(3201): Smarty_Internal_Templateparser->yy_reduce(58)
#23 /kunden/399154_22085/webseiten/shop/engine/Library/Smarty/sysplugins/smarty_internal_smartytemplatecompiler.php(105): Smarty_Internal_Templateparser->doParse(10, '??????????????')
#24 /kunden/399154_22085/webseiten/shop/engine/Library/Smarty/sysplugins/smarty_internal_templatecompilerbase.php(192): Smarty_Internal_SmartyTemplateCompiler->doCompile('{**? * Shopware...')
#25 /kunden/399154_22085/webseiten/shop/engine/Library/Smarty/sysplugins/smarty_internal_template.php(187): Smarty_Internal_TemplateCompilerBase->compileTemplate(Object(Enlight_Template_Default))
#26 /kunden/399154_22085/webseiten/shop/engine/Library/Smarty/sysplugins/smarty_internal_templatebase.php(164): Smarty_Internal_Template->compileTemplateSource()
#27 /kunden/399154_22085/webseiten/shop/engine/Library/Enlight/View/Default.php(273): Smarty_Internal_TemplateBase->fetch()
#28 /kunden/399154_22085/webseiten/shop/engine/Library/Enlight/Controller/Plugins/ViewRenderer/Bootstrap.php(212): Enlight_View_Default->render(Object(Enlight_Template_Default))
#29 /kunden/399154_22085/webseiten/shop/engine/Library/Enlight/Controller/Plugins/ViewRenderer/Bootstrap.php(238): Enlight_Controller_Plugins_ViewRenderer_Bootstrap->renderTemplate(Object(Enlight_Template_Default))
#30 /kunden/399154_22085/webseiten/shop/engine/Library/Enlight/Controller/Plugins/ViewRenderer/Bootstrap.php(136): Enlight_Controller_Plugins_ViewRenderer_Bootstrap->render()
#31 [internal function]: Enlight_Controller_Plugins_ViewRenderer_Bootstrap->onPostDispatch(Object(Enlight_Controller_ActionEventArgs))
#32 /kunden/399154_22085/webseiten/shop/engine/Library/Enlight/Event/Handler/Default.php(91): call_user_func(Array, Object(Enlight_Controller_ActionEventArgs))
#33 /kunden/399154_22085/webseiten/shop/engine/Library/Enlight/Event/EventManager.php(211): Enlight_Event_Handler_Default->execute(Object(Enlight_Controller_ActionEventArgs))
#34 /kunden/399154_22085/webseiten/shop/engine/Library/Enlight/Controller/Action.php(202): Enlight_Event_EventManager->notify('Enlight_Control...', Object(Enlight_Controller_ActionEventArgs))
#35 /kunden/399154_22085/webseiten/shop/engine/Library/Enlight/Controller/Dispatcher/Default.php(528): Enlight_Controller_Action->dispatch('indexAction')
#36 /kunden/399154_22085/webseiten/shop/engine/Library/Enlight/Controller/Front.php(228): Enlight_Controller_Dispatcher_Default->dispatch(Object(Enlight_Controller_Request_RequestHttp), Object(Enlight_Controller_Response_ResponseHttp))
#37 /kunden/399154_22085/webseiten/shop/engine/Shopware/Kernel.php(141): Enlight_Controller_Front->dispatch()
#38 /kunden/399154_22085/webseiten/shop/vendor/symfony/http-kernel/Symfony/Component/HttpKernel/HttpCache/HttpCache.php(472): Shopware\Kernel->handle(Object(Symfony\Component\HttpFoundation\Request), 1, true)
#39 /kunden/399154_22085/webseiten/shop/engine/Shopware/Components/HttpCache/AppCache.php(256): Symfony\Component\HttpKernel\HttpCache\HttpCache->forward(Object(Symfony\Component\HttpFoundation\Request), true, NULL)
#40 /kunden/399154_22085/webseiten/shop/vendor/symfony/http-kernel/Symfony/Component/HttpKernel/HttpCache/HttpCache.php(429): Shopware\Components\HttpCache\AppCache->forward(Object(Symfony\Component\HttpFoundation\Request), true)
#41 /kunden/399154_22085/webseiten/shop/vendor/symfony/http-kernel/Symfony/Component/HttpKernel/HttpCache/HttpCache.php(329): Symfony\Component\HttpKernel\HttpCache\HttpCache->fetch(Object(Symfony\Component\HttpFoundation\Request), true)
#42 /kunden/399154_22085/webseiten/shop/engine/Shopware/Components/HttpCache/AppCache.php(178): Symfony\Component\HttpKernel\HttpCache\HttpCache->lookup(Object(Symfony\Component\HttpFoundation\Request), true)
#43 /kunden/399154_22085/webseiten/shop/vendor/symfony/http-kernel/Symfony/Component/HttpKernel/HttpCache/HttpCache.php(193): Shopware\Components\HttpCache\AppCache->lookup(Object(Symfony\Component\HttpFoundation\Request), true)
#44 /kunden/399154_22085/webseiten/shop/engine/Shopware/Components/HttpCache/AppCache.php(113): Symfony\Component\HttpKernel\HttpCache\HttpCache->handle(Object(Symfony\Component\HttpFoundation\Request), 1, true)
#45 /kunden/399154_22085/webseiten/shop/shopware.php(109): Shopware\Components\HttpCache\AppCache->handle(Object(Symfony\Component\HttpFoundation\Request))
#46 {main} [] {"uid":"9cda6f7"}
[2014-08-31 17:44:27] core.ERROR: exception 'Enlight_Exception' with message 'Method "Shopware_Plugins_Frontend_SwagVariantsInListing_Bootstrap::getZubehoerPic" not found failure' in /kunden/399154_22085/webseiten/shop/engine/Shopware/Plugins/Local/Frontend/SwagVariantsInListing/Bootstrap.php:151
Stack trace:
#0 /kunden/399154_22085/webseiten/shop/engine/Shopware/Plugins/Local/Frontend/SwagVariantsInListing/Bootstrap.php(151): Enlight_Class->__call('getZubehoerPic', Array)
#1 /kunden/399154_22085/webseiten/shop/engine/Shopware/Plugins/Local/Frontend/SwagVariantsInListing/Bootstrap.php(151): Shopware_Plugins_Frontend_SwagVariantsInListing_Bootstrap->getZubehoerPic('109', 'S2A-WAW14PC-KEL...')
#2 /kunden/399154_22085/webseiten/shop/engine/Library/Enlight/Event/Handler/Plugin.php(149): Shopware_Plugins_Frontend_SwagVariantsInListing_Bootstrap->onPostDispatchDetail(Object(Enlight_Controller_ActionEventArgs))
#3 /kunden/399154_22085/webseiten/shop/engine/Library/Enlight/Event/EventManager.php(211): Enlight_Event_Handler_Plugin->execute(Object(Enlight_Controller_ActionEventArgs))
#4 /kunden/399154_22085/webseiten/shop/engine/Library/Enlight/Controller/Action.php(192): Enlight_Event_EventManager->notify('Enlight_Control...', Object(Enlight_Controller_ActionEventArgs))
#5 /kunden/399154_22085/webseiten/shop/engine/Library/Enlight/Controller/Dispatcher/Default.php(528): Enlight_Controller_Action->dispatch('indexAction')
#6 /kunden/399154_22085/webseiten/shop/engine/Library/Enlight/Controller/Front.php(228): Enlight_Controller_Dispatcher_Default->dispatch(Object(Enlight_Controller_Request_RequestHttp), Object(Enlight_Controller_Response_ResponseHttp))
#7 /kunden/399154_22085/webseiten/shop/engine/Shopware/Kernel.php(141): Enlight_Controller_Front->dispatch()
#8 /kunden/399154_22085/webseiten/shop/vendor/symfony/http-kernel/Symfony/Component/HttpKernel/HttpCache/HttpCache.php(472): Shopware\Kernel->handle(Object(Symfony\Component\HttpFoundation\Request), 1, true)
#9 /kunden/399154_22085/webseiten/shop/engine/Shopware/Components/HttpCache/AppCache.php(256): Symfony\Component\HttpKernel\HttpCache\HttpCache->forward(Object(Symfony\Component\HttpFoundation\Request), true, NULL)
#10 /kunden/399154_22085/webseiten/shop/vendor/symfony/http-kernel/Symfony/Component/HttpKernel/HttpCache/HttpCache.php(429): Shopware\Components\HttpCache\AppCache->forward(Object(Symfony\Component\HttpFoundation\Request), true)
#11 /kunden/399154_22085/webseiten/shop/vendor/symfony/http-kernel/Symfony/Component/HttpKernel/HttpCache/HttpCache.php(329): Symfony\Component\HttpKernel\HttpCache\HttpCache->fetch(Object(Symfony\Component\HttpFoundation\Request), true)
#12 /kunden/399154_22085/webseiten/shop/engine/Shopware/Components/HttpCache/AppCache.php(178): Symfony\Component\HttpKernel\HttpCache\HttpCache->lookup(Object(Symfony\Component\HttpFoundation\Request), true)
#13 /kunden/399154_22085/webseiten/shop/vendor/symfony/http-kernel/Symfony/Component/HttpKernel/HttpCache/HttpCache.php(193): Shopware\Components\HttpCache\AppCache->lookup(Object(Symfony\Component\HttpFoundation\Request), true)
#14 /kunden/399154_22085/webseiten/shop/engine/Shopware/Components/HttpCache/AppCache.php(113): Symfony\Component\HttpKernel\HttpCache\HttpCache->handle(Object(Symfony\Component\HttpFoundation\Request), 1, true)
#15 /kunden/399154_22085/webseiten/shop/shopware.php(109): Shopware\Components\HttpCache\AppCache->handle(Object(Symfony\Component\HttpFoundation\Request))
#16 {main} [] {"uid":"bbbbb1d"}
